[START OF SIMULATION]
0x00000000:	mov sp,32764            	SP=0x00007FFC
0x00000004:	bun 1                   	PC=0x0000000C
0x0000000C:	push r6                 	MEM[0x00007FFC]{0x00000000}={R6}
0x00000010:	push r7                 	MEM[0x00007FF8]{0x00000000}={R7}
0x00000014:	add r6,sp,r0            	R6=SP+R0=0x00007FF4,SR=0x00000000
0x00000018:	add r7,r6,r0            	R7=R6+R0=0x00007FF4,SR=0x00000000
0x0000001C:	sra r0,r7,r7,1          	R0:R7=R0:R7>>2=0x0000000000001FFD,SR=0x00000000
0x00000020:	subi sp,sp,0            	SP=SP-0x00000000=0x00007FF4,SR=0x00000000
0x00000024:	call 38                 	PC=0x000000C0,MEM[0x00007FF4]=0x00000028
0x000000C0:	push r6                 	MEM[0x00007FF0]{0x00007FF4}={R6}
0x000000C4:	push r7                 	MEM[0x00007FEC]{0x00001FFD}={R7}
0x000000C8:	add r6,sp,r0            	R6=SP+R0=0x00007FE8,SR=0x00000000
0x000000CC:	add r7,r6,r0            	R7=R6+R0=0x00007FE8,SR=0x00000000
0x000000D0:	sra r0,r7,r7,1          	R0:R7=R0:R7>>2=0x0000000000001FFA,SR=0x00000000
0x000000D4:	subi sp,sp,0            	SP=SP-0x00000000=0x00007FE8,SR=0x00000000
0x000000D8:	mov r8,1024             	R8=0x00000400
0x000000DC:	l32 r1,[r8+0]           	R1=MEM[0x00001000]=0x22222222
0x000000E0:	mov r2,101              	R2=0x00000065
0x000000E4:	s32 [r1+0],r2           	MEM[0x88888888]=R2=0x00000065
0x000000E8:	mov r8,1024             	R8=0x00000400
0x000000EC:	l32 r1,[r8+0]           	R1=MEM[0x00001000]=0x22222222
0x000000F0:	mov r2,117              	R2=0x00000075
0x000000F4:	s32 [r1+0],r2           	MEM[0x88888888]=R2=0x00000075
0x000000F8:	mov r8,1024             	R8=0x00000400
0x000000FC:	l32 r1,[r8+0]           	R1=MEM[0x00001000]=0x22222222
0x00000100:	mov r2,32               	R2=0x00000020
0x00000104:	s32 [r1+0],r2           	MEM[0x88888888]=R2=0x00000020
0x00000108:	mov r8,1024             	R8=0x00000400
0x0000010C:	l32 r1,[r8+0]           	R1=MEM[0x00001000]=0x22222222
0x00000110:	mov r2,116              	R2=0x00000074
0x00000114:	s32 [r1+0],r2           	MEM[0x88888888]=R2=0x00000074
0x00000118:	mov r8,1024             	R8=0x00000400
0x0000011C:	l32 r1,[r8+0]           	R1=MEM[0x00001000]=0x22222222
0x00000120:	mov r2,101              	R2=0x00000065
0x00000124:	s32 [r1+0],r2           	MEM[0x88888888]=R2=0x00000065
0x00000128:	mov r8,1024             	R8=0x00000400
0x0000012C:	l32 r1,[r8+0]           	R1=MEM[0x00001000]=0x22222222
0x00000130:	mov r2,32               	R2=0x00000020
0x00000134:	s32 [r1+0],r2           	MEM[0x88888888]=R2=0x00000020
0x00000138:	mov r8,1024             	R8=0x00000400
0x0000013C:	l32 r1,[r8+0]           	R1=MEM[0x00001000]=0x22222222
0x00000140:	mov r2,97               	R2=0x00000061
0x00000144:	s32 [r1+0],r2           	MEM[0x88888888]=R2=0x00000061
0x00000148:	mov r8,1024             	R8=0x00000400
0x0000014C:	l32 r1,[r8+0]           	R1=MEM[0x00001000]=0x22222222
0x00000150:	mov r2,109              	R2=0x0000006D
0x00000154:	s32 [r1+0],r2           	MEM[0x88888888]=R2=0x0000006D
0x00000158:	mov r8,1024             	R8=0x00000400
0x0000015C:	l32 r1,[r8+0]           	R1=MEM[0x00001000]=0x22222222
0x00000160:	mov r2,111              	R2=0x0000006F
0x00000164:	s32 [r1+0],r2           	MEM[0x88888888]=R2=0x0000006F
0x00000168:	mov r8,1024             	R8=0x00000400
0x0000016C:	l32 r1,[r8+0]           	R1=MEM[0x00001000]=0x22222222
0x00000170:	mov r2,33               	R2=0x00000021
0x00000174:	s32 [r1+0],r2           	MEM[0x88888888]=R2=0x00000021
0x00000178:	mov r2,0                	R2=0x00000000
0x0000017C:	add sp,r6,r0            	SP=R6+R0=0x00007FE8,SR=0x00000000
0x00000180:	pop r7                  	{R7}=MEM[0x00007FEC]{0x00001FFD}
0x00000184:	pop r6                  	{R6}=MEM[0x00007FF0]{0x00007FF4}
0x00000188:	ret                     	PC=MEM[0x00007FF4]=0x00000028
0x00000028:	call -9                 	PC=0x00000008,MEM[0x00007FF4]=0x0000002C
0x00000008:	int 0                   	CR=0x00000000,PC=0x00000000
[TERMINAL]
eu te amo!
[END OF SIMULATION]