[START OF SIMULATION]
0x00000000:	mov sp,32764            	SP=0x00007FFC
0x00000004:	bun 1                   	PC=0x0000000C
0x0000000C:	push r6                 	MEM[0x00007FFC]{0x00000000}={R6}
0x00000010:	push r7                 	MEM[0x00007FF8]{0x00000000}={R7}
0x00000014:	add r6,sp,r0            	R6=SP+R0=0x00007FF4,SR=0x00000000
0x00000018:	add r7,r6,r0            	R7=R6+R0=0x00007FF4,SR=0x00000000
0x0000001C:	sra r0,r7,r7,1          	R0:R7=R0:R7>>2=0x0000000000001FFD,SR=0x00000000
0x00000020:	subi sp,sp,0            	SP=SP-0x00000000=0x00007FF4,SR=0x00000000
0x00000024:	call 31                 	PC=0x000000A4,MEM[0x00007FF4]=0x00000028
0x000000A4:	push r6                 	MEM[0x00007FF0]{0x00007FF4}={R6}
0x000000A8:	push r7                 	MEM[0x00007FEC]{0x00001FFD}={R7}
0x000000AC:	add r6,sp,r0            	R6=SP+R0=0x00007FE8,SR=0x00000000
0x000000B0:	add r7,r6,r0            	R7=R6+R0=0x00007FE8,SR=0x00000000
0x000000B4:	sra r0,r7,r7,1          	R0:R7=R0:R7>>2=0x0000000000001FFA,SR=0x00000000
0x000000B8:	subi sp,sp,16           	SP=SP-0x00000010=0x00007FD8,SR=0x00000000
0x000000BC:	mov r1,16               	R1=0x00000010
0x000000C0:	push r1                 	MEM[0x00007FD8]{0x00000010}={R1}
0x000000C4:	mov r1,0                	R1=0x00000000
0x000000C8:	push r1                 	MEM[0x00007FD4]{0x00000000}={R1}
0x000000CC:	addi r1,r7,-3           	R1=R7+0xFFFFFFFD=0x00001FF7,SR=0x00000001
0x000000D0:	push r1                 	MEM[0x00007FD0]{0x00001FF7}={R1}
0x000000D4:	call -39                	PC=0x0000003C,MEM[0x00007FCC]=0x000000D8


# MEM SET
0x0000003C:	push r6                 	MEM[0x00007FC8]{0x00007FE8}={R6}
0x00000040:	push r7                 	MEM[0x00007FC4]{0x00001FFA}={R7}
0x00000044:	add r6,sp,r0            	R6=SP+R0=0x00007FC0,SR=0x00000000
0x00000048:	add r7,r6,r0            	R7=R6+R0=0x00007FC0,SR=0x00000000
0x0000004C:	sra r0,r7,r7,1          	R0:R7=R0:R7>>2=0x0000000000001FF0,SR=0x00000000

0x00000050:	subi sp,sp,4            	SP=SP-0x00000004=0x00007FBC,SR=0x00000000
0x00000054:	l32 r1,[r7+4]           	R1=MEM[0x00007FD0]=0x00001FF7
0x00000058:	s32 [r7+0],r1           	MEM[0x00007FC0]=R1=0x00001FF7
0x0000005C:	l32 r1,[r7+6]           	R1=MEM[0x00007FD8]=0x00000010
>>>0x00000060:	add r2,r1,r0            	R2=R1+R0=0x00000010,SR=0x00000000
0x00000064:	addi r1,r1,-1           	R1=R1+0xFFFFFFFF=0x0000000F,SR=0x00000001
0x00000068:	s32 [r7+6],r1           	MEM[0x00007FD8]=R1=0x0000000F

>>> 0x0000006C:	cmpi r2,0               	SR=0x00000000

0x00000070:	beq 7                   	PC=0x00000074
0x00000074:	l32 r1,[r7+0]           	R1=MEM[0x00007FC0]=0x00001FF7
0x00000078:	add r2,r1,r0            	R2=R1+R0=0x00001FF7,SR=0x00000000
0x0000007C:	addi r1,r1,1            	R1=R1+0x00000001=0x00001FF8,SR=0x00000000
0x00000080:	s32 [r7+0],r1           	MEM[0x00007FC0]=R1=0x00001FF8
0x00000084:	l32 r1,[r7+5]           	R1=MEM[0x00007FD4]=0x00000000
>>>> 0x00000088:	s32 [r2+0],r1           	MEM[0x00007FDC]=R1=0x00000000
0x0000008C:	bun -13                 	PC=0x0000005C
0x0000005C:	l32 r1,[r7+6]           	R1=MEM[0x00007FD8]=0x0000000F
>>>0x00000060:	add r2,r1,r0            	R2=R1+R0=0x0000000F,SR=0x00000000
0x00000064:	addi r1,r1,-1           	R1=R1+0xFFFFFFFF=0x0000000E,SR=0x00000001
0x00000068:	s32 [r7+6],r1           	MEM[0x00007FD8]=R1=0x0000000E

>>> 0x0000006C:	cmpi r2,0               	SR=0x00000000

0x00000070:	beq 7                   	PC=0x00000074
0x00000074:	l32 r1,[r7+0]           	R1=MEM[0x00007FC0]=0x00001FF8
0x00000078:	add r2,r1,r0            	R2=R1+R0=0x00001FF8,SR=0x00000000
0x0000007C:	addi r1,r1,1            	R1=R1+0x00000001=0x00001FF9,SR=0x00000000
0x00000080:	s32 [r7+0],r1           	MEM[0x00007FC0]=R1=0x00001FF9
0x00000084:	l32 r1,[r7+5]           	R1=MEM[0x00007FD4]=0x00000000
0x00000088:	s32 [r2+0],r1           	MEM[0x00007FE0]=R1=0x00000000
0x0000008C:	bun -13                 	PC=0x0000005C
0x0000005C:	l32 r1,[r7+6]           	R1=MEM[0x00007FD8]=0x0000000E
0x00000060:	add r2,r1,r0            	R2=R1+R0=0x0000000E,SR=0x00000000
0x00000064:	addi r1,r1,-1           	R1=R1+0xFFFFFFFF=0x0000000D,SR=0x00000001
0x00000068:	s32 [r7+6],r1           	MEM[0x00007FD8]=R1=0x0000000D
0x0000006C:	cmpi r2,0               	SR=0x00000000
0x00000070:	beq 7                   	PC=0x00000074
0x00000074:	l32 r1,[r7+0]           	R1=MEM[0x00007FC0]=0x00001FF9
0x00000078:	add r2,r1,r0            	R2=R1+R0=0x00001FF9,SR=0x00000000
0x0000007C:	addi r1,r1,1            	R1=R1+0x00000001=0x00001FFA,SR=0x00000000
0x00000080:	s32 [r7+0],r1           	MEM[0x00007FC0]=R1=0x00001FFA
0x00000084:	l32 r1,[r7+5]           	R1=MEM[0x00007FD4]=0x00000000
0x00000088:	s32 [r2+0],r1           	MEM[0x00007FE4]=R1=0x00000000
0x0000008C:	bun -13                 	PC=0x0000005C
0x0000005C:	l32 r1,[r7+6]           	R1=MEM[0x00007FD8]=0x0000000D
0x00000060:	add r2,r1,r0            	R2=R1+R0=0x0000000D,SR=0x00000000
0x00000064:	addi r1,r1,-1           	R1=R1+0xFFFFFFFF=0x0000000C,SR=0x00000001
0x00000068:	s32 [r7+6],r1           	MEM[0x00007FD8]=R1=0x0000000C
0x0000006C:	cmpi r2,0               	SR=0x00000000
0x00000070:	beq 7                   	PC=0x00000074
0x00000074:	l32 r1,[r7+0]           	R1=MEM[0x00007FC0]=0x00001FFA
0x00000078:	add r2,r1,r0            	R2=R1+R0=0x00001FFA,SR=0x00000000
0x0000007C:	addi r1,r1,1            	R1=R1+0x00000001=0x00001FFB,SR=0x00000000
0x00000080:	s32 [r7+0],r1           	MEM[0x00007FC0]=R1=0x00001FFB
0x00000084:	l32 r1,[r7+5]           	R1=MEM[0x00007FD4]=0x00000000
0x00000088:	s32 [r2+0],r1           	MEM[0x00007FE8]=R1=0x00000000
0x0000008C:	bun -13                 	PC=0x0000005C
0x0000005C:	l32 r1,[r7+6]           	R1=MEM[0x00007FD8]=0x0000000C
0x00000060:	add r2,r1,r0            	R2=R1+R0=0x0000000C,SR=0x00000000
0x00000064:	addi r1,r1,-1           	R1=R1+0xFFFFFFFF=0x0000000B,SR=0x00000001
0x00000068:	s32 [r7+6],r1           	MEM[0x00007FD8]=R1=0x0000000B
0x0000006C:	cmpi r2,0               	SR=0x00000000
0x00000070:	beq 7                   	PC=0x00000074
0x00000074:	l32 r1,[r7+0]           	R1=MEM[0x00007FC0]=0x00001FFB
0x00000078:	add r2,r1,r0            	R2=R1+R0=0x00001FFB,SR=0x00000000
0x0000007C:	addi r1,r1,1            	R1=R1+0x00000001=0x00001FFC,SR=0x00000000
0x00000080:	s32 [r7+0],r1           	MEM[0x00007FC0]=R1=0x00001FFC
0x00000084:	l32 r1,[r7+5]           	R1=MEM[0x00007FD4]=0x00000000
0x00000088:	s32 [r2+0],r1           	MEM[0x00007FEC]=R1=0x00000000
0x0000008C:	bun -13                 	PC=0x0000005C
0x0000005C:	l32 r1,[r7+6]           	R1=MEM[0x00007FD8]=0x0000000B
0x00000060:	add r2,r1,r0            	R2=R1+R0=0x0000000B,SR=0x00000000
0x00000064:	addi r1,r1,-1           	R1=R1+0xFFFFFFFF=0x0000000A,SR=0x00000001
0x00000068:	s32 [r7+6],r1           	MEM[0x00007FD8]=R1=0x0000000A
0x0000006C:	cmpi r2,0               	SR=0x00000000
0x00000070:	beq 7                   	PC=0x00000074
0x00000074:	l32 r1,[r7+0]           	R1=MEM[0x00007FC0]=0x00001FFC
0x00000078:	add r2,r1,r0            	R2=R1+R0=0x00001FFC,SR=0x00000000
0x0000007C:	addi r1,r1,1            	R1=R1+0x00000001=0x00001FFD,SR=0x00000000
0x00000080:	s32 [r7+0],r1           	MEM[0x00007FC0]=R1=0x00001FFD
0x00000084:	l32 r1,[r7+5]           	R1=MEM[0x00007FD4]=0x00000000
0x00000088:	s32 [r2+0],r1           	MEM[0x00007FF0]=R1=0x00000000
0x0000008C:	bun -13                 	PC=0x0000005C
0x0000005C:	l32 r1,[r7+6]           	R1=MEM[0x00007FD8]=0x0000000A
0x00000060:	add r2,r1,r0            	R2=R1+R0=0x0000000A,SR=0x00000000
0x00000064:	addi r1,r1,-1           	R1=R1+0xFFFFFFFF=0x00000009,SR=0x00000001
0x00000068:	s32 [r7+6],r1           	MEM[0x00007FD8]=R1=0x00000009
0x0000006C:	cmpi r2,0               	SR=0x00000000
0x00000070:	beq 7                   	PC=0x00000074
0x00000074:	l32 r1,[r7+0]           	R1=MEM[0x00007FC0]=0x00001FFD
0x00000078:	add r2,r1,r0            	R2=R1+R0=0x00001FFD,SR=0x00000000
0x0000007C:	addi r1,r1,1            	R1=R1+0x00000001=0x00001FFE,SR=0x00000000
0x00000080:	s32 [r7+0],r1           	MEM[0x00007FC0]=R1=0x00001FFE
0x00000084:	l32 r1,[r7+5]           	R1=MEM[0x00007FD4]=0x00000000
0x00000088:	s32 [r2+0],r1           	MEM[0x00007FF4]=R1=0x00000000
0x0000008C:	bun -13                 	PC=0x0000005C
0x0000005C:	l32 r1,[r7+6]           	R1=MEM[0x00007FD8]=0x00000009
0x00000060:	add r2,r1,r0            	R2=R1+R0=0x00000009,SR=0x00000000
0x00000064:	addi r1,r1,-1           	R1=R1+0xFFFFFFFF=0x00000008,SR=0x00000001
0x00000068:	s32 [r7+6],r1           	MEM[0x00007FD8]=R1=0x00000008
0x0000006C:	cmpi r2,0               	SR=0x00000000
0x00000070:	beq 7                   	PC=0x00000074
0x00000074:	l32 r1,[r7+0]           	R1=MEM[0x00007FC0]=0x00001FFE
0x00000078:	add r2,r1,r0            	R2=R1+R0=0x00001FFE,SR=0x00000000
0x0000007C:	addi r1,r1,1            	R1=R1+0x00000001=0x00001FFF,SR=0x00000000
0x00000080:	s32 [r7+0],r1           	MEM[0x00007FC0]=R1=0x00001FFF
0x00000084:	l32 r1,[r7+5]           	R1=MEM[0x00007FD4]=0x00000000
0x00000088:	s32 [r2+0],r1           	MEM[0x00007FF8]=R1=0x00000000
0x0000008C:	bun -13                 	PC=0x0000005C
0x0000005C:	l32 r1,[r7+6]           	R1=MEM[0x00007FD8]=0x00000008
0x00000060:	add r2,r1,r0            	R2=R1+R0=0x00000008,SR=0x00000000
0x00000064:	addi r1,r1,-1           	R1=R1+0xFFFFFFFF=0x00000007,SR=0x00000001
0x00000068:	s32 [r7+6],r1           	MEM[0x00007FD8]=R1=0x00000007
0x0000006C:	cmpi r2,0               	SR=0x00000000
0x00000070:	beq 7                   	PC=0x00000074
0x00000074:	l32 r1,[r7+0]           	R1=MEM[0x00007FC0]=0x00001FFF
0x00000078:	add r2,r1,r0            	R2=R1+R0=0x00001FFF,SR=0x00000000
0x0000007C:	addi r1,r1,1            	R1=R1+0x00000001=0x00002000,SR=0x00000000
0x00000080:	s32 [r7+0],r1           	MEM[0x00007FC0]=R1=0x00002000
0x00000084:	l32 r1,[r7+5]           	R1=MEM[0x00007FD4]=0x00000000
0x00000088:	s32 [r2+0],r1           	MEM[0x00007FFC]=R1=0x00000000
0x0000008C:	bun -13                 	PC=0x0000005C
0x0000005C:	l32 r1,[r7+6]           	R1=MEM[0x00007FD8]=0x00000007
0x00000060:	add r2,r1,r0            	R2=R1+R0=0x00000007,SR=0x00000000
0x00000064:	addi r1,r1,-1           	R1=R1+0xFFFFFFFF=0x00000006,SR=0x00000001
0x00000068:	s32 [r7+6],r1           	MEM[0x00007FD8]=R1=0x00000006
0x0000006C:	cmpi r2,0               	SR=0x00000000
0x00000070:	beq 7                   	PC=0x00000074
0x00000074:	l32 r1,[r7+0]           	R1=MEM[0x00007FC0]=0x00002000
0x00000078:	add r2,r1,r0            	R2=R1+R0=0x00002000,SR=0x00000000
0x0000007C:	addi r1,r1,1            	R1=R1+0x00000001=0x00002001,SR=0x00000000
0x00000080:	s32 [r7+0],r1           	MEM[0x00007FC0]=R1=0x00002001
0x00000084:	l32 r1,[r7+5]           	R1=MEM[0x00007FD4]=0x00000000
0x00000088:	s32 [r2+0],r1           	MEM[0x00008000]=R1=0x00000000
0x0000008C:	bun -13                 	PC=0x0000005C
0x0000005C:	l32 r1,[r7+6]           	R1=MEM[0x00007FD8]=0x00000006
0x00000060:	add r2,r1,r0            	R2=R1+R0=0x00000006,SR=0x00000000
0x00000064:	addi r1,r1,-1           	R1=R1+0xFFFFFFFF=0x00000005,SR=0x00000001
0x00000068:	s32 [r7+6],r1           	MEM[0x00007FD8]=R1=0x00000005
0x0000006C:	cmpi r2,0               	SR=0x00000000
0x00000070:	beq 7                   	PC=0x00000074
0x00000074:	l32 r1,[r7+0]           	R1=MEM[0x00007FC0]=0x00002001
0x00000078:	add r2,r1,r0            	R2=R1+R0=0x00002001,SR=0x00000000
0x0000007C:	addi r1,r1,1            	R1=R1+0x00000001=0x00002002,SR=0x00000000
0x00000080:	s32 [r7+0],r1           	MEM[0x00007FC0]=R1=0x00002002
0x00000084:	l32 r1,[r7+5]           	R1=MEM[0x00007FD4]=0x00000000
0x00000088:	s32 [r2+0],r1           	MEM[0x00008004]=R1=0x00000000
0x0000008C:	bun -13                 	PC=0x0000005C
0x0000005C:	l32 r1,[r7+6]           	R1=MEM[0x00007FD8]=0x00000005
0x00000060:	add r2,r1,r0            	R2=R1+R0=0x00000005,SR=0x00000000
0x00000064:	addi r1,r1,-1           	R1=R1+0xFFFFFFFF=0x00000004,SR=0x00000001
0x00000068:	s32 [r7+6],r1           	MEM[0x00007FD8]=R1=0x00000004
0x0000006C:	cmpi r2,0               	SR=0x00000000
0x00000070:	beq 7                   	PC=0x00000074
0x00000074:	l32 r1,[r7+0]           	R1=MEM[0x00007FC0]=0x00002002
0x00000078:	add r2,r1,r0            	R2=R1+R0=0x00002002,SR=0x00000000
0x0000007C:	addi r1,r1,1            	R1=R1+0x00000001=0x00002003,SR=0x00000000
0x00000080:	s32 [r7+0],r1           	MEM[0x00007FC0]=R1=0x00002003
0x00000084:	l32 r1,[r7+5]           	R1=MEM[0x00007FD4]=0x00000000
0x00000088:	s32 [r2+0],r1           	MEM[0x00000000]=R1=0x00000000
0x0000008C:	bun -13                 	PC=0x0000005C
0x0000005C:	l32 r1,[r7+6]           	R1=MEM[0x00007FD8]=0x00000004
0x00000060:	add r2,r1,r0            	R2=R1+R0=0x00000004,SR=0x00000000
0x00000064:	addi r1,r1,-1           	R1=R1+0xFFFFFFFF=0x00000003,SR=0x00000001
0x00000068:	s32 [r7+6],r1           	MEM[0x00007FD8]=R1=0x00000003
0x0000006C:	cmpi r2,0               	SR=0x00000000
0x00000070:	beq 7                   	PC=0x00000074
0x00000074:	l32 r1,[r7+0]           	R1=MEM[0x00007FC0]=0x00002003
0x00000078:	add r2,r1,r0            	R2=R1+R0=0x00002003,SR=0x00000000
0x0000007C:	addi r1,r1,1            	R1=R1+0x00000001=0x00002004,SR=0x00000000
0x00000080:	s32 [r7+0],r1           	MEM[0x00007FC0]=R1=0x00002004
0x00000084:	l32 r1,[r7+5]           	R1=MEM[0x00007FD4]=0x00000000
0x00000088:	s32 [r2+0],r1           	MEM[0x0000800C]=R1=0x00000000
0x0000008C:	bun -13                 	PC=0x0000005C
0x0000005C:	l32 r1,[r7+6]           	R1=MEM[0x00007FD8]=0x00000003
0x00000060:	add r2,r1,r0            	R2=R1+R0=0x00000003,SR=0x00000000
0x00000064:	addi r1,r1,-1           	R1=R1+0xFFFFFFFF=0x00000002,SR=0x00000001
0x00000068:	s32 [r7+6],r1           	MEM[0x00007FD8]=R1=0x00000002
0x0000006C:	cmpi r2,0               	SR=0x00000000
0x00000070:	beq 7                   	PC=0x00000074
0x00000074:	l32 r1,[r7+0]           	R1=MEM[0x00007FC0]=0x00002004
0x00000078:	add r2,r1,r0            	R2=R1+R0=0x00002004,SR=0x00000000
0x0000007C:	addi r1,r1,1            	R1=R1+0x00000001=0x00002005,SR=0x00000000
0x00000080:	s32 [r7+0],r1           	MEM[0x00007FC0]=R1=0x00002005
0x00000084:	l32 r1,[r7+5]           	R1=MEM[0x00007FD4]=0x00000000
0x00000088:	s32 [r2+0],r1           	MEM[0x00008010]=R1=0x00000000
0x0000008C:	bun -13                 	PC=0x0000005C
0x0000005C:	l32 r1,[r7+6]           	R1=MEM[0x00007FD8]=0x00000002
0x00000060:	add r2,r1,r0            	R2=R1+R0=0x00000002,SR=0x00000000
0x00000064:	addi r1,r1,-1           	R1=R1+0xFFFFFFFF=0x00000001,SR=0x00000001
0x00000068:	s32 [r7+6],r1           	MEM[0x00007FD8]=R1=0x00000001
0x0000006C:	cmpi r2,0               	SR=0x00000000
0x00000070:	beq 7                   	PC=0x00000074
0x00000074:	l32 r1,[r7+0]           	R1=MEM[0x00007FC0]=0x00002005
0x00000078:	add r2,r1,r0            	R2=R1+R0=0x00002005,SR=0x00000000
0x0000007C:	addi r1,r1,1            	R1=R1+0x00000001=0x00002006,SR=0x00000000
0x00000080:	s32 [r7+0],r1           	MEM[0x00007FC0]=R1=0x00002006
0x00000084:	l32 r1,[r7+5]           	R1=MEM[0x00007FD4]=0x00000000
0x00000088:	s32 [r2+0],r1           	MEM[0x00008014]=R1=0x00000000
0x0000008C:	bun -13                 	PC=0x0000005C
0x0000005C:	l32 r1,[r7+6]           	R1=MEM[0x00007FD8]=0x00000001
0x00000060:	add r2,r1,r0            	R2=R1+R0=0x00000001,SR=0x00000000
0x00000064:	addi r1,r1,-1           	R1=R1+0xFFFFFFFF=0x00000000,SR=0x00000041
0x00000068:	s32 [r7+6],r1           	MEM[0x00007FD8]=R1=0x00000000
0x0000006C:	cmpi r2,0               	SR=0x00000000
0x00000070:	beq 7                   	PC=0x00000074
0x00000074:	l32 r1,[r7+0]           	R1=MEM[0x00007FC0]=0x00002006
0x00000078:	add r2,r1,r0            	R2=R1+R0=0x00002006,SR=0x00000000
0x0000007C:	addi r1,r1,1            	R1=R1+0x00000001=0x00002007,SR=0x00000000
0x00000080:	s32 [r7+0],r1           	MEM[0x00007FC0]=R1=0x00002007
0x00000084:	l32 r1,[r7+5]           	R1=MEM[0x00007FD4]=0x00000000
0x00000088:	s32 [r2+0],r1           	MEM[0x00008018]=R1=0x00000000
0x0000008C:	bun -13                 	PC=0x0000005C
0x0000005C:	l32 r1,[r7+6]           	R1=MEM[0x00007FD8]=0x00000000
0x00000060:	add r2,r1,r0            	R2=R1+R0=0x00000000,SR=0x00000040
0x00000064:	addi r1,r1,-1           	R1=R1+0xFFFFFFFF=0xFFFFFFFF,SR=0x00000010
0x00000068:	s32 [r7+6],r1           	MEM[0x00007FD8]=R1=0xFFFFFFFF
0x0000006C:	cmpi r2,0               	SR=0x00000040
0x00000070:	beq 7                   	PC=0x00000090
0x00000090:	l32 r2,[r7+4]           	R2=MEM[0x00007FD0]=0x00001FF7
0x00000094:	add sp,r6,r0            	SP=R6+R0=0x00000000,SR=0x00000040
0x00000098:	pop r7                  	{R7}=MEM[0x00000004]{0xDC000001}
0x0000009C:	pop r6                  	{R6}=MEM[0x00000008]{0xFC000000}
0x000000A0:	ret                     	PC=MEM[0x0000000C]=0x28000180
[END OF SIMULATION]
