[START OF SIMULATION]
0x00000000:	mov sp,32764            	SP=0x00007FFC
0x00000004:	bun 1                   	PC=0x0000000C
0x0000000C:	push r6                 	MEM[0x00007FFC]{0x00000000}={R6}
0x00000010:	push r7                 	MEM[0x00007FF8]{0x00000000}={R7}
0x00000014:	add r6,sp,r0            	R6=SP+R0=0x00007FF4,SR=0x00000000
0x00000018:	add r7,r6,r0            	R7=R6+R0=0x00007FF4,SR=0x00000000
0x0000001C:	sra r0,r7,r7,1          	R0:R7=R0:R7>>2=0x0000000000001FFD,SR=0x00000000
0x00000020:	subi sp,sp,4            	SP=SP-0x00000004=0x00007FF0,SR=0x00000000
0x00000024:	call 25                 	PC=0x0000008C,MEM[0x00007FF0]=0x00000028
0x0000008C:	push r6                 	MEM[0x00007FEC]{0x00007FF4}={R6}
0x00000090:	push r7                 	MEM[0x00007FE8]{0x00001FFD}={R7}
0x00000094:	add r6,sp,r0            	R6=SP+R0=0x00007FE4,SR=0x00000000
0x00000098:	add r7,r6,r0            	R7=R6+R0=0x00007FE4,SR=0x00000000
0x0000009C:	sra r0,r7,r7,1          	R0:R7=R0:R7>>2=0x0000000000001FF9,SR=0x00000000
0x000000A0:	subi sp,sp,12           	SP=SP-0x0000000C=0x00007FD8,SR=0x00000000
0x000000A4:	mov r1,2                	R1=0x00000002
0x000000A8:	s32 [r7+-1],r1          	MEM[0x00007FE0]=R1=0x00000002
0x000000AC:	mov r1,5                	R1=0x00000005
0x000000B0:	push r1                 	MEM[0x00007FD8]{0x00000005}={R1}
0x000000B4:	mov r1,4                	R1=0x00000004
0x000000B8:	push r1                 	MEM[0x00007FD4]{0x00000004}={R1}
0x000000BC:	mov r1,3                	R1=0x00000003
0x000000C0:	push r1                 	MEM[0x00007FD0]{0x00000003}={R1}
0x000000C4:	mov r1,2                	R1=0x00000002
0x000000C8:	push r1                 	MEM[0x00007FCC]{0x00000002}={R1}
0x000000CC:	mov r1,1                	R1=0x00000001
0x000000D0:	push r1                 	MEM[0x00007FC8]{0x00000001}={R1}
0x000000D4:	call -39                	PC=0x0000003C,MEM[0x00007FC4]=0x000000D8
0x0000003C:	push r6                 	MEM[0x00007FC0]{0x00007FE4}={R6}
0x00000040:	push r7                 	MEM[0x00007FBC]{0x00001FF9}={R7}
0x00000044:	add r6,sp,r0            	R6=SP+R0=0x00007FB8,SR=0x00000000
0x00000048:	add r7,r6,r0            	R7=R6+R0=0x00007FB8,SR=0x00000000
0x0000004C:	sra r0,r7,r7,1          	R0:R7=R0:R7>>2=0x0000000000001FEE,SR=0x00000000
0x00000050:	subi sp,sp,4            	SP=SP-0x00000004=0x00007FB4,SR=0x00000000
0x00000054:	l32 r1,[r7+2]           	R1=MEM[0x00007FC0]=0x00007FE4
0x00000058:	l32 r2,[r7+3]           	R2=MEM[0x00007FC4]=0x000000D8
0x0000005C:	add r1,r1,r2            	R1=R1+R2=0x000080BC,SR=0x00000000
0x00000060:	l32 r2,[r7+4]           	R2=MEM[0x00007FC8]=0x00000001
0x00000064:	add r1,r1,r2            	R1=R1+R2=0x000080BD,SR=0x00000000
0x00000068:	l32 r2,[r7+5]           	R2=MEM[0x00007FCC]=0x00000002
0x0000006C:	add r1,r1,r2            	R1=R1+R2=0x000080BF,SR=0x00000000
0x00000070:	l32 r2,[r7+6]           	R2=MEM[0x00007FD0]=0x00000003
0x00000074:	add r1,r1,r2            	R1=R1+R2=0x000080C2,SR=0x00000000
0x00000078:	add r2,r1,r0            	R2=R1+R0=0x000080C2,SR=0x00000000
0x0000007C:	add sp,r6,r0            	SP=R6+R0=0x00007FB8,SR=0x00000000
0x00000080:	pop r7                  	{R7}=MEM[0x00007FB8]{0x00001FF9}
0x00000084:	pop r6                  	{R6}=MEM[0x00007FBC]{0x00007FE4}
0x00000088:	ret                     	PC=MEM[0x00007FC4]=0x000000D8
0x000000D8:	addi sp,r0,20           	SP=R0+0x00000014=0x00000014,SR=0x00000000
0x000000DC:	subi r2,r2,69           	R2=R2-0x00000045=0x0000807D,SR=0x00000000
0x000000E0:	s32 [r7+-2],r2          	MEM[0x00007FDC]=R2=0x0000807D
0x000000E4:	l32 r1,[r7+-1]          	R1=MEM[0x00007FE0]=0x00000002
0x000000E8:	l32 r2,[r7+-2]          	R2=MEM[0x00007FDC]=0x0000807D
0x000000EC:	add r1,r1,r2            	R1=R1+R2=0x0000807F,SR=0x00000000
0x000000F0:	add r2,r1,r0            	R2=R1+R0=0x0000807F,SR=0x00000000
0x000000F4:	add sp,r6,r0            	SP=R6+R0=0x00007FE4,SR=0x00000000
0x000000F8:	pop r7                  	{R7}=MEM[0x00007FE4]{0x00001FFD}
0x000000FC:	pop r6                  	{R6}=MEM[0x00007FE8]{0x00007FF4}
0x00000100:	ret                     	PC=MEM[0x00007FF0]=0x00000028
0x00000028:	call -9                 	PC=0x00000008,MEM[0x00007FF0]=0x0000002C
0x00000008:	int 0                   	CR=0x00000000,PC=0x00000000
[END OF SIMULATION]