[START OF SIMULATION]
0x00000000:	mov sp,32764            	SP=0x00007FFC
0x00000004:	bun 1                   	PC=0x0000000C
0x0000000C:	push r6                 	MEM[0x00007FFC]{0x00000000}={R6}
0x00000010:	push r7                 	MEM[0x00007FF8]{0x00000000}={R7}
0x00000014:	add r6,sp,r0            	R6=SP+R0=0x00007FF4,SR=0x00000000
0x00000018:	add r7,r6,r0            	R7=R6+R0=0x00007FF4,SR=0x00000000
0x0000001C:	sra r0,r7,r7,1          	R0:R7=R0:R7>>2=0x0000000000001FFD,SR=0x00000000
0x00000020:	subi sp,sp,4            	SP=SP-0x00000004=0x00007FF0,SR=0x00000000
0x00000024:	call 5                  	PC=0x0000003C,MEM[0x00007FF0]=0x00000028
0x0000003C:	push r6                 	MEM[0x00007FEC]{0x00007FF4}={R6}
0x00000040:	push r7                 	MEM[0x00007FE8]{0x00001FFD}={R7}
0x00000044:	add r6,sp,r0            	R6=SP+R0=0x00007FE4,SR=0x00000000
0x00000048:	add r7,r6,r0            	R7=R6+R0=0x00007FE4,SR=0x00000000
0x0000004C:	sra r0,r7,r7,1          	R0:R7=R0:R7>>2=0x0000000000001FF9,SR=0x00000000
0x00000050:	subi sp,sp,16           	SP=SP-0x00000010=0x00007FD4,SR=0x00000000
0x00000054:	mov r1,420              	R1=0x000001A4
0x00000058:	s32 [r7+-1],r1          	MEM[0x00007FE0]=R1=0x000001A4
0x0000005C:	mov r1,105              	R1=0x00000069
0x00000060:	s32 [r7+-2],r1          	MEM[0x00007FDC]=R1=0x00000069
0x00000064:	l32 r1,[r7+-1]          	R1=MEM[0x00007FE0]=0x000001A4
0x00000068:	l32 r2,[r7+-2]          	R2=MEM[0x00007FDC]=0x00000069
0x0000006C:	add r1,r1,r2            	R1=R1+R2=0x0000020D,SR=0x00000000
0x00000070:	s32 [r7+-3],r1          	MEM[0x00007FD8]=R1=0x0000020D
0x00000074:	call 8                  	PC=0x00000098,MEM[0x00007FD4]=0x00000078
0x00000098:	push r6                 	MEM[0x00007FD0]{0x00007FE4}={R6}
0x0000009C:	push r7                 	MEM[0x00007FCC]{0x00001FF9}={R7}
0x000000A0:	add r6,sp,r0            	R6=SP+R0=0x00007FC8,SR=0x00000000
0x000000A4:	add r7,r6,r0            	R7=R6+R0=0x00007FC8,SR=0x00000000
0x000000A8:	sra r0,r7,r7,1          	R0:R7=R0:R7>>2=0x0000000000001FF2,SR=0x00000000
0x000000AC:	subi sp,sp,4            	SP=SP-0x00000004=0x00007FC4,SR=0x00000000
0x000000B0:	mov r2,105              	R2=0x00000069
0x000000B4:	add sp,r6,r0            	SP=R6+R0=0x00007FC8,SR=0x00000000
0x000000B8:	pop r7                  	{R7}=MEM[0x00007FC8]{0x00001FF9}
0x000000BC:	pop r6                  	{R6}=MEM[0x00007FCC]{0x00007FE4}
0x000000C0:	ret                     	PC=MEM[0x00007FD4]=0x00000078
0x00000078:	l32 r1,[r7+-3]          	R1=MEM[0x00007FD8]=0x0000020D
0x0000007C:	add r1,r1,r2            	R1=R1+R2=0x00000276,SR=0x00000000
0x00000080:	s32 [r7+-3],r1          	MEM[0x00007FD8]=R1=0x00000276
0x00000084:	mov r2,51966            	R2=0x0000CAFE
0x00000088:	add sp,r6,r0            	SP=R6+R0=0x00007FE4,SR=0x00000000
0x0000008C:	pop r7                  	{R7}=MEM[0x00007FE4]{0x00001FFD}
0x00000090:	pop r6                  	{R6}=MEM[0x00007FE8]{0x00007FF4}
0x00000094:	ret                     	PC=MEM[0x00007FF0]=0x00000028
0x00000028:	call -9                 	PC=0x00000008,MEM[0x00007FF0]=0x0000002C
0x00000008:	int 0                   	CR=0x00000000,PC=0x00000000
[END OF SIMULATION]