[START OF SIMULATION]
0x00000000:	mov sp,32764            	SP=0x00007FFC
0x00000004:	bun 1                   	PC=0x0000000C
0x0000000C:	push r6                 	MEM[0x00007FFC]{0x00000000}={R6}
0x00000010:	push r7                 	MEM[0x00007FF8]{0x00000000}={R7}
0x00000014:	add r6,sp,r0            	R6=SP+R0=0x00007FF4,SR=0x00000000
0x00000018:	add r7,r6,r0            	R7=R6+R0=0x00007FF4,SR=0x00000000
0x0000001C:	sra r0,r7,r7,1          	R0:R7=R0:R7>>2=0x0000000000001FFD,SR=0x00000000
0x00000020:	subi sp,sp,0            	SP=SP-0x00000000=0x00007FF4,SR=0x00000000
0x00000024:	call 91                 	PC=0x00000194,MEM[0x00007FF4]=0x00000028
0x00000194:	push r6                 	MEM[0x00007FF0]{0x00007FF4}={R6}
0x00000198:	push r7                 	MEM[0x00007FEC]{0x00001FFD}={R7}
0x0000019C:	add r6,sp,r0            	R6=SP+R0=0x00007FE8,SR=0x00000000
0x000001A0:	add r7,r6,r0            	R7=R6+R0=0x00007FE8,SR=0x00000000
0x000001A4:	sra r0,r7,r7,1          	R0:R7=R0:R7>>2=0x0000000000001FFA,SR=0x00000000
0x000001A8:	subi sp,sp,0            	SP=SP-0x00000000=0x00007FE8,SR=0x00000000
0x000001AC:	movs r1,98              	R1=0x00000062
0x000001B0:	mov r8,1025             	R8=0x00000401
0x000001B4:	s32 [r8+0],r1           	MEM[0x00001004]=R1=0x00000062
0x000001B8:	mov r8,1025             	R8=0x00000401
0x000001BC:	l32 r1,[r8+0]           	R1=MEM[0x00001004]=0x00000062
0x000001C0:	push r1                 	MEM[0x00007FE8]{0x00000062}={R1}
0x000001C4:	call -27                	PC=0x0000015C,MEM[0x00007FE4]=0x000001C8
0x0000015C:	push r6                 	MEM[0x00007FE0]{0x00007FE8}={R6}
0x00000160:	push r7                 	MEM[0x00007FDC]{0x00001FFA}={R7}
0x00000164:	add r6,sp,r0            	R6=SP+R0=0x00007FD8,SR=0x00000000
0x00000168:	add r7,r6,r0            	R7=R6+R0=0x00007FD8,SR=0x00000000
0x0000016C:	sra r0,r7,r7,1          	R0:R7=R0:R7>>2=0x0000000000001FF6,SR=0x00000000
0x00000170:	subi sp,sp,0            	SP=SP-0x00000000=0x00007FD8,SR=0x00000000
0x00000174:	mov r8,1024             	R8=0x00000400
0x00000178:	l32 r1,[r8+0]           	R1=MEM[0x00001000]=0x22222222
0x0000017C:	l32 r2,[r7+4]           	R2=MEM[0x00007FE8]=0x00000062
0x00000180:	s32 [r1+0],r2           	MEM[0x88888888]=R2=0x00000062
0x00000184:	add sp,r6,r0            	SP=R6+R0=0x00007FD8,SR=0x00000000
0x00000188:	pop r7                  	{R7}=MEM[0x00007FDC]{0x00001FFA}
0x0000018C:	pop r6                  	{R6}=MEM[0x00007FE0]{0x00007FE8}
0x00000190:	ret                     	PC=MEM[0x00007FE4]=0x000001C8
0x000001C8:	addi sp,sp,4            	SP=SP+0x00000004=0x00007FE8,SR=0x00000000
0x000001CC:	movs r2,0               	R2=0x00000000
0x000001D0:	add sp,r6,r0            	SP=R6+R0=0x00007FE8,SR=0x00000000
0x000001D4:	pop r7                  	{R7}=MEM[0x00007FEC]{0x00001FFD}
0x000001D8:	pop r6                  	{R6}=MEM[0x00007FF0]{0x00007FF4}
0x000001DC:	ret                     	PC=MEM[0x00007FF4]=0x00000028
0x00000028:	call -9                 	PC=0x00000008,MEM[0x00007FF4]=0x0000002C
0x00000008:	int 0                   	CR=0x00000000,PC=0x00000000
[TERMINAL]
b
[END OF SIMULATION]