[START OF SIMULATION]
0x00000000:	mov sp,32764            	SP=0x00007FFC
0x00000004:	bun 1                   	PC=0x0000000C
0x0000000C:	push r6                 	MEM[0x00007FFC]{0x00000000}={R6}
0x00000010:	push r7                 	MEM[0x00007FF8]{0x00000000}={R7}
0x00000014:	add r6,sp,r0            	R6=SP+R0=0x00007FF4,SR=0x00000000
0x00000018:	add r7,r6,r0            	R7=R6+R0=0x00007FF4,SR=0x00000000
0x0000001C:	sra r0,r7,r7,1          	R0:R7=R0:R7>>2=0x0000000000001FFD,SR=0x00000000
0x00000020:	subi sp,sp,0            	SP=SP-0x00000000=0x00007FF4,SR=0x00000000
0x00000024:	call 104                	PC=0x000001C8,MEM[0x00007FF4]=0x00000028
0x000001C8:	push r6                 	MEM[0x00007FF0]{0x00007FF4}={R6}
0x000001CC:	push r7                 	MEM[0x00007FEC]{0x00001FFD}={R7}
0x000001D0:	add r6,sp,r0            	R6=SP+R0=0x00007FE8,SR=0x00000000
0x000001D4:	add r7,r6,r0            	R7=R6+R0=0x00007FE8,SR=0x00000000
0x000001D8:	sra r0,r7,r7,1          	R0:R7=R0:R7>>2=0x0000000000001FFA,SR=0x00000000
0x000001DC:	subi sp,sp,8            	SP=SP-0x00000008=0x00007FE0,SR=0x00000000
0x000001E0:	movs r1,2               	R1=0x00000002
0x000001E4:	s32 [r7+0],r1           	MEM[0x00007FE8]=R1=0x00000002
0x000001E8:	movs r1,18              	R1=0x00000012
0x000001EC:	s32 [r7-1],r1           	MEM[0x00007FE4]=R1=0x00000012
0x000001F0:	movs r1,5               	R1=0x00000005
0x000001F4:	push r1                 	MEM[0x00007FE0]{0x00000005}={R1}
0x000001F8:	movs r1,16              	R1=0x00000010
0x000001FC:	push r1                 	MEM[0x00007FDC]{0x00000010}={R1}
0x00000200:	movs r1,8               	R1=0x00000008
0x00000204:	push r1                 	MEM[0x00007FD8]{0x00000008}={R1}
0x00000208:	movs r1,2               	R1=0x00000002
0x0000020C:	push r1                 	MEM[0x00007FD4]{0x00000002}={R1}
0x00000210:	movs r1,1               	R1=0x00000001
0x00000214:	push r1                 	MEM[0x00007FD0]{0x00000001}={R1}
0x00000218:	call -44                	PC=0x0000016C,MEM[0x00007FCC]=0x0000021C
0x0000016C:	push r6                 	MEM[0x00007FC8]{0x00007FE8}={R6}
0x00000170:	push r7                 	MEM[0x00007FC4]{0x00001FFA}={R7}
0x00000174:	add r6,sp,r0            	R6=SP+R0=0x00007FC0,SR=0x00000000
0x00000178:	add r7,r6,r0            	R7=R6+R0=0x00007FC0,SR=0x00000000
0x0000017C:	sra r0,r7,r7,1          	R0:R7=R0:R7>>2=0x0000000000001FF0,SR=0x00000000
0x00000180:	subi sp,sp,0            	SP=SP-0x00000000=0x00007FC0,SR=0x00000000
0x00000184:	l32 r1,[r7+4]           	R1=MEM[0x00007FD0]=0x00000001
0x00000188:	l32 r2,[r7+5]           	R2=MEM[0x00007FD4]=0x00000002
0x0000018C:	add r1,r1,r2            	R1=R1+R2=0x00000003,SR=0x00000000
0x00000190:	sub r1,r1,r2            	R1=R1-R2=0x00000001,SR=0x00000000
0x00000194:	l32 r2,[r7+6]           	R2=MEM[0x00007FD8]=0x00000008
0x00000198:	add r1,r1,r2            	R1=R1+R2=0x00000009,SR=0x00000000
0x0000019C:	sub r1,r1,r2            	R1=R1-R2=0x00000001,SR=0x00000000
0x000001A0:	l32 r2,[r7+7]           	R2=MEM[0x00007FDC]=0x00000010
0x000001A4:	add r1,r1,r2            	R1=R1+R2=0x00000011,SR=0x00000000
0x000001A8:	sub r1,r1,r2            	R1=R1-R2=0x00000001,SR=0x00000000
0x000001AC:	l32 r2,[r7+8]           	R2=MEM[0x00007FE0]=0x00000005
0x000001B0:	sub r1,r1,r2            	R1=R1-R2=0xFFFFFFFC,SR=0x00000011
0x000001B4:	add r2,r1,r0            	R2=R1+R0=0xFFFFFFFC,SR=0x00000010
0x000001B8:	add sp,r6,r0            	SP=R6+R0=0x00007FC0,SR=0x00000000
0x000001BC:	pop r7                  	{R7}=MEM[0x00007FC4]{0x00001FFA}
0x000001C0:	pop r6                  	{R6}=MEM[0x00007FC8]{0x00007FE8}
0x000001C4:	ret                     	PC=MEM[0x00007FCC]=0x0000021C
0x0000021C:	addi sp,sp,20           	SP=SP+0x00000014=0x00007FE0,SR=0x00000000
0x00000220:	l32 r1,[r7-1]           	R1=MEM[0x00007FE4]=0x00000012
0x00000224:	push r1                 	MEM[0x00007FE0]{0x00000012}={R1}
0x00000228:	l32 r1,[r7+0]           	R1=MEM[0x00007FE8]=0x00000002
0x0000022C:	push r1                 	MEM[0x00007FDC]{0x00000002}={R1}
0x00000230:	call -64                	PC=0x00000134,MEM[0x00007FD8]=0x00000234
0x00000134:	push r6                 	MEM[0x00007FD4]{0x00007FE8}={R6}
0x00000138:	push r7                 	MEM[0x00007FD0]{0x00001FFA}={R7}
0x0000013C:	add r6,sp,r0            	R6=SP+R0=0x00007FCC,SR=0x00000000
0x00000140:	add r7,r6,r0            	R7=R6+R0=0x00007FCC,SR=0x00000000
0x00000144:	sra r0,r7,r7,1          	R0:R7=R0:R7>>2=0x0000000000001FF3,SR=0x00000000
0x00000148:	subi sp,sp,0            	SP=SP-0x00000000=0x00007FCC,SR=0x00000000
0x0000014C:	l32 r1,[r7+4]           	R1=MEM[0x00007FDC]=0x00000002
0x00000150:	l32 r2,[r7+5]           	R2=MEM[0x00007FE0]=0x00000012
0x00000154:	sub r1,r1,r2            	R1=R1-R2=0xFFFFFFF0,SR=0x00000011
0x00000158:	add r2,r1,r0            	R2=R1+R0=0xFFFFFFF0,SR=0x00000010
0x0000015C:	add sp,r6,r0            	SP=R6+R0=0x00007FCC,SR=0x00000000
0x00000160:	pop r7                  	{R7}=MEM[0x00007FD0]{0x00001FFA}
0x00000164:	pop r6                  	{R6}=MEM[0x00007FD4]{0x00007FE8}
0x00000168:	ret                     	PC=MEM[0x00007FD8]=0x00000234
0x00000234:	addi sp,sp,8            	SP=SP+0x00000008=0x00007FE0,SR=0x00000000
0x00000238:	addi r1,r7,0            	R1=R7+0x00000000=0x00001FFA,SR=0x00000000
0x0000023C:	push r1                 	MEM[0x00007FE0]{0x00001FFA}={R1}
0x00000240:	call -81                	PC=0x00000100,MEM[0x00007FDC]=0x00000244
0x00000100:	push r6                 	MEM[0x00007FD8]{0x00007FE8}={R6}
0x00000104:	push r7                 	MEM[0x00007FD4]{0x00001FFA}={R7}
0x00000108:	add r6,sp,r0            	R6=SP+R0=0x00007FD0,SR=0x00000000
0x0000010C:	add r7,r6,r0            	R7=R6+R0=0x00007FD0,SR=0x00000000
0x00000110:	sra r0,r7,r7,1          	R0:R7=R0:R7>>2=0x0000000000001FF4,SR=0x00000000
0x00000114:	subi sp,sp,0            	SP=SP-0x00000000=0x00007FD0,SR=0x00000000
0x00000118:	l32 r1,[r7+4]           	R1=MEM[0x00007FE0]=0x00001FFA
0x0000011C:	movs r2,420             	R2=0x000001A4
0x00000120:	s32 [r1+0],r2           	MEM[0x00007FE8]=R2=0x000001A4
0x00000124:	add sp,r6,r0            	SP=R6+R0=0x00007FD0,SR=0x00000000
0x00000128:	pop r7                  	{R7}=MEM[0x00007FD4]{0x00001FFA}
0x0000012C:	pop r6                  	{R6}=MEM[0x00007FD8]{0x00007FE8}
0x00000130:	ret                     	PC=MEM[0x00007FDC]=0x00000244
0x00000244:	addi sp,sp,4            	SP=SP+0x00000004=0x00007FE0,SR=0x00000000
0x00000248:	l32 r2,[r7-1]           	R2=MEM[0x00007FE4]=0x00000012
0x0000024C:	add sp,r6,r0            	SP=R6+R0=0x00007FE8,SR=0x00000000
0x00000250:	pop r7                  	{R7}=MEM[0x00007FEC]{0x00001FFD}
0x00000254:	pop r6                  	{R6}=MEM[0x00007FF0]{0x00007FF4}
0x00000258:	ret                     	PC=MEM[0x00007FF4]=0x00000028
0x00000028:	call -9                 	PC=0x00000008,MEM[0x00007FF4]=0x0000002C
0x00000008:	int 0                   	CR=0x00000000,PC=0x00000000
[END OF SIMULATION]