[START OF SIMULATION]
0x00000000:	mov sp,32764            	SP=0x00007FFC
0x00000004:	bun 1                   	PC=0x0000000C
0x0000000C:	push r6                 	MEM[0x00007FFC]{0x00000000}={R6}
0x00000010:	push r7                 	MEM[0x00007FF8]{0x00000000}={R7}
0x00000014:	add r6,sp,r0            	R6=SP+R0=0x00007FF4,SR=0x00000000
0x00000018:	add r7,r6,r0            	R7=R6+R0=0x00007FF4,SR=0x00000000
0x0000001C:	sra r0,r7,r7,1          	R0:R7=R0:R7>>2=0x0000000000001FFD,SR=0x00000000
0x00000020:	subi sp,sp,0            	SP=SP-0x00000000=0x00007FF4,SR=0x00000000
0x00000024:	call 74                 	PC=0x00000150,MEM[0x00007FF4]=0x00000028
0x00000150:	push r6                 	MEM[0x00007FF0]{0x00007FF4}={R6}
0x00000154:	push r7                 	MEM[0x00007FEC]{0x00001FFD}={R7}
0x00000158:	add r6,sp,r0            	R6=SP+R0=0x00007FE8,SR=0x00000000
0x0000015C:	add r7,r6,r0            	R7=R6+R0=0x00007FE8,SR=0x00000000
0x00000160:	sra r0,r7,r7,1          	R0:R7=R0:R7>>2=0x0000000000001FFA,SR=0x00000000
0x00000164:	subi sp,sp,0            	SP=SP-0x00000000=0x00007FE8,SR=0x00000000
0x00000168:	mov r8,1024             	R8=0x00000400
0x0000016C:	l32 r1,[r8+0]           	R1=MEM[0x00001000]=0x22222222
0x00000170:	movs r2,101             	R2=0x00000065
0x00000174:	s32 [r1+0],r2           	MEM[0x88888888]=R2=0x00000065
0x00000178:	mov r8,1024             	R8=0x00000400
0x0000017C:	l32 r1,[r8+0]           	R1=MEM[0x00001000]=0x22222222
0x00000180:	movs r2,117             	R2=0x00000075
0x00000184:	s32 [r1+0],r2           	MEM[0x88888888]=R2=0x00000075
0x00000188:	mov r8,1024             	R8=0x00000400
0x0000018C:	l32 r1,[r8+0]           	R1=MEM[0x00001000]=0x22222222
0x00000190:	movs r2,32              	R2=0x00000020
0x00000194:	s32 [r1+0],r2           	MEM[0x88888888]=R2=0x00000020
0x00000198:	mov r8,1024             	R8=0x00000400
0x0000019C:	l32 r1,[r8+0]           	R1=MEM[0x00001000]=0x22222222
0x000001A0:	movs r2,116             	R2=0x00000074
0x000001A4:	s32 [r1+0],r2           	MEM[0x88888888]=R2=0x00000074
0x000001A8:	mov r8,1024             	R8=0x00000400
0x000001AC:	l32 r1,[r8+0]           	R1=MEM[0x00001000]=0x22222222
0x000001B0:	movs r2,101             	R2=0x00000065
0x000001B4:	s32 [r1+0],r2           	MEM[0x88888888]=R2=0x00000065
0x000001B8:	mov r8,1024             	R8=0x00000400
0x000001BC:	l32 r1,[r8+0]           	R1=MEM[0x00001000]=0x22222222
0x000001C0:	movs r2,32              	R2=0x00000020
0x000001C4:	s32 [r1+0],r2           	MEM[0x88888888]=R2=0x00000020
0x000001C8:	mov r8,1024             	R8=0x00000400
0x000001CC:	l32 r1,[r8+0]           	R1=MEM[0x00001000]=0x22222222
0x000001D0:	movs r2,97              	R2=0x00000061
0x000001D4:	s32 [r1+0],r2           	MEM[0x88888888]=R2=0x00000061
0x000001D8:	mov r8,1024             	R8=0x00000400
0x000001DC:	l32 r1,[r8+0]           	R1=MEM[0x00001000]=0x22222222
0x000001E0:	movs r2,109             	R2=0x0000006D
0x000001E4:	s32 [r1+0],r2           	MEM[0x88888888]=R2=0x0000006D
0x000001E8:	mov r8,1024             	R8=0x00000400
0x000001EC:	l32 r1,[r8+0]           	R1=MEM[0x00001000]=0x22222222
0x000001F0:	movs r2,111             	R2=0x0000006F
0x000001F4:	s32 [r1+0],r2           	MEM[0x88888888]=R2=0x0000006F
0x000001F8:	mov r8,1024             	R8=0x00000400
0x000001FC:	l32 r1,[r8+0]           	R1=MEM[0x00001000]=0x22222222
0x00000200:	movs r2,33              	R2=0x00000021
0x00000204:	s32 [r1+0],r2           	MEM[0x88888888]=R2=0x00000021
0x00000208:	movs r2,0               	R2=0x00000000
0x0000020C:	add sp,r6,r0            	SP=R6+R0=0x00007FE8,SR=0x00000000
0x00000210:	pop r7                  	{R7}=MEM[0x00007FEC]{0x00001FFD}
0x00000214:	pop r6                  	{R6}=MEM[0x00007FF0]{0x00007FF4}
0x00000218:	ret                     	PC=MEM[0x00007FF4]=0x00000028
0x00000028:	call -9                 	PC=0x00000008,MEM[0x00007FF4]=0x0000002C
0x00000008:	int 0                   	CR=0x00000000,PC=0x00000000
[TERMINAL]
eu te amo!
[END OF SIMULATION]