[START OF SIMULATION]
0x00000000:	mov sp,32764            	SP=0x00007FFC
0x00000004:	bun 1                   	PC=0x0000000C
0x0000000C:	push r6                 	MEM[0x00007FFC]{0x00000000}={R6}
0x00000010:	push r7                 	MEM[0x00007FF8]{0x00000000}={R7}
0x00000014:	add r6,sp,r0            	R6=SP+R0=0x00007FF4,SR=0x00000000
0x00000018:	add r7,r6,r0            	R7=R6+R0=0x00007FF4,SR=0x00000000
0x0000001C:	sra r0,r7,r7,1          	R0:R7=R0:R7>>2=0x0000000000001FFD,SR=0x00000000
0x00000020:	subi sp,sp,0            	SP=SP-0x00000000=0x00007FF4,SR=0x00000000
0x00000024:	call 72                 	PC=0x00000148,MEM[0x00007FF4]=0x00000028
0x00000148:	push r6                 	MEM[0x00007FF0]{0x00007FF4}={R6}
0x0000014C:	push r7                 	MEM[0x00007FEC]{0x00001FFD}={R7}
0x00000150:	add r6,sp,r0            	R6=SP+R0=0x00007FE8,SR=0x00000000
0x00000154:	add r7,r6,r0            	R7=R6+R0=0x00007FE8,SR=0x00000000
0x00000158:	sra r0,r7,r7,1          	R0:R7=R0:R7>>2=0x0000000000001FFA,SR=0x00000000
0x0000015C:	subi sp,sp,8            	SP=SP-0x00000008=0x00007FE0,SR=0x00000000
0x00000160:	movs r1,2               	R1=0x00000002
0x00000164:	s32 [r7+0],r1           	MEM[0x00007FE8]=R1=0x00000002
0x00000168:	movs r1,5               	R1=0x00000005
0x0000016C:	push r1                 	MEM[0x00007FE0]{0x00000005}={R1}
0x00000170:	movs r1,4               	R1=0x00000004
0x00000174:	push r1                 	MEM[0x00007FDC]{0x00000004}={R1}
0x00000178:	movs r1,3               	R1=0x00000003
0x0000017C:	push r1                 	MEM[0x00007FD8]{0x00000003}={R1}
0x00000180:	movs r1,2               	R1=0x00000002
0x00000184:	push r1                 	MEM[0x00007FD4]{0x00000002}={R1}
0x00000188:	movs r1,1               	R1=0x00000001
0x0000018C:	push r1                 	MEM[0x00007FD0]{0x00000001}={R1}
0x00000190:	call -39                	PC=0x000000F8,MEM[0x00007FCC]=0x00000194
0x000000F8:	push r6                 	MEM[0x00007FC8]{0x00007FE8}={R6}
0x000000FC:	push r7                 	MEM[0x00007FC4]{0x00001FFA}={R7}
0x00000100:	add r6,sp,r0            	R6=SP+R0=0x00007FC0,SR=0x00000000
0x00000104:	add r7,r6,r0            	R7=R6+R0=0x00007FC0,SR=0x00000000
0x00000108:	sra r0,r7,r7,1          	R0:R7=R0:R7>>2=0x0000000000001FF0,SR=0x00000000
0x0000010C:	subi sp,sp,0            	SP=SP-0x00000000=0x00007FC0,SR=0x00000000
0x00000110:	l32 r1,[r7+4]           	R1=MEM[0x00007FD0]=0x00000001
0x00000114:	l32 r2,[r7+5]           	R2=MEM[0x00007FD4]=0x00000002
0x00000118:	add r1,r1,r2            	R1=R1+R2=0x00000003,SR=0x00000000
0x0000011C:	l32 r2,[r7+6]           	R2=MEM[0x00007FD8]=0x00000003
0x00000120:	add r1,r1,r2            	R1=R1+R2=0x00000006,SR=0x00000000
0x00000124:	l32 r2,[r7+7]           	R2=MEM[0x00007FDC]=0x00000004
0x00000128:	add r1,r1,r2            	R1=R1+R2=0x0000000A,SR=0x00000000
0x0000012C:	l32 r2,[r7+8]           	R2=MEM[0x00007FE0]=0x00000005
0x00000130:	sub r1,r1,r2            	R1=R1-R2=0x00000005,SR=0x00000000
0x00000134:	add r2,r1,r0            	R2=R1+R0=0x00000005,SR=0x00000000
0x00000138:	add sp,r6,r0            	SP=R6+R0=0x00007FC0,SR=0x00000000
0x0000013C:	pop r7                  	{R7}=MEM[0x00007FC4]{0x00001FFA}
0x00000140:	pop r6                  	{R6}=MEM[0x00007FC8]{0x00007FE8}
0x00000144:	ret                     	PC=MEM[0x00007FCC]=0x00000194
0x00000194:	addi sp,sp,20           	SP=SP+0x00000014=0x00007FE0,SR=0x00000000
0x00000198:	subi r2,r2,69           	R2=R2-0x00000045=0xFFFFFFC0,SR=0x00000011
0x0000019C:	s32 [r7-1],r2           	MEM[0x00007FE4]=R2=0xFFFFFFC0
0x000001A0:	l32 r1,[r7-1]           	R1=MEM[0x00007FE4]=0xFFFFFFC0
0x000001A4:	push r1                 	MEM[0x00007FE0]{0xFFFFFFC0}={R1}
0x000001A8:	l32 r1,[r7+0]           	R1=MEM[0x00007FE8]=0x00000002
0x000001AC:	push r1                 	MEM[0x00007FDC]{0x00000002}={R1}
0x000001B0:	call -61                	PC=0x000000C0,MEM[0x00007FD8]=0x000001B4
0x000000C0:	push r6                 	MEM[0x00007FD4]{0x00007FE8}={R6}
0x000000C4:	push r7                 	MEM[0x00007FD0]{0x00001FFA}={R7}
0x000000C8:	add r6,sp,r0            	R6=SP+R0=0x00007FCC,SR=0x00000000
0x000000CC:	add r7,r6,r0            	R7=R6+R0=0x00007FCC,SR=0x00000000
0x000000D0:	sra r0,r7,r7,1          	R0:R7=R0:R7>>2=0x0000000000001FF3,SR=0x00000000
0x000000D4:	subi sp,sp,0            	SP=SP-0x00000000=0x00007FCC,SR=0x00000000
0x000000D8:	l32 r1,[r7+4]           	R1=MEM[0x00007FDC]=0x00000002
0x000000DC:	l32 r2,[r7+5]           	R2=MEM[0x00007FE0]=0xFFFFFFC0
0x000000E0:	sub r1,r1,r2            	R1=R1-R2=0x00000042,SR=0x00000001
0x000000E4:	add r2,r1,r0            	R2=R1+R0=0x00000042,SR=0x00000000
0x000000E8:	add sp,r6,r0            	SP=R6+R0=0x00007FCC,SR=0x00000000
0x000000EC:	pop r7                  	{R7}=MEM[0x00007FD0]{0x00001FFA}
0x000000F0:	pop r6                  	{R6}=MEM[0x00007FD4]{0x00007FE8}
0x000000F4:	ret                     	PC=MEM[0x00007FD8]=0x000001B4
0x000001B4:	addi sp,sp,8            	SP=SP+0x00000008=0x00007FE0,SR=0x00000000
0x000001B8:	l32 r1,[r7+0]           	R1=MEM[0x00007FE8]=0x00000002
0x000001BC:	l32 r2,[r7-1]           	R2=MEM[0x00007FE4]=0xFFFFFFC0
0x000001C0:	add r1,r1,r2            	R1=R1+R2=0xFFFFFFC2,SR=0x00000010
0x000001C4:	add r2,r1,r0            	R2=R1+R0=0xFFFFFFC2,SR=0x00000010
0x000001C8:	add sp,r6,r0            	SP=R6+R0=0x00007FE8,SR=0x00000000
0x000001CC:	pop r7                  	{R7}=MEM[0x00007FEC]{0x00001FFD}
0x000001D0:	pop r6                  	{R6}=MEM[0x00007FF0]{0x00007FF4}
0x000001D4:	ret                     	PC=MEM[0x00007FF4]=0x00000028
0x00000028:	call -9                 	PC=0x00000008,MEM[0x00007FF4]=0x0000002C
0x00000008:	int 0                   	CR=0x00000000,PC=0x00000000
[END OF SIMULATION]