[START OF SIMULATION]
0x00000000:	mov sp,32764            	SP=0x00007FFC
0x00000004:	bun 1                   	PC=0x0000000C
0x0000000C:	push r6                 	MEM[0x00007FFC]{0x00000000}={R6}
0x00000010:	push r7                 	MEM[0x00007FF8]{0x00000000}={R7}
0x00000014:	add r6,sp,r0            	R6=SP+R0=0x00007FF4,SR=0x00000000
0x00000018:	add r7,r6,r0            	R7=R6+R0=0x00007FF4,SR=0x00000000
0x0000001C:	sra r0,r7,r7,1          	R0:R7=R0:R7>>2=0x0000000000001FFD,SR=0x00000000
0x00000020:	subi sp,sp,0            	SP=SP-0x00000000=0x00007FF4,SR=0x00000000
0x00000024:	call 116                	PC=0x000001F8,MEM[0x00007FF4]=0x00000028
0x000001F8:	push r6                 	MEM[0x00007FF0]{0x00007FF4}={R6}
0x000001FC:	push r7                 	MEM[0x00007FEC]{0x00001FFD}={R7}
0x00000200:	add r6,sp,r0            	R6=SP+R0=0x00007FE8,SR=0x00000000
0x00000204:	add r7,r6,r0            	R7=R6+R0=0x00007FE8,SR=0x00000000
0x00000208:	sra r0,r7,r7,1          	R0:R7=R0:R7>>2=0x0000000000001FFA,SR=0x00000000
0x0000020C:	subi sp,sp,8            	SP=SP-0x00000008=0x00007FE0,SR=0x00000000
0x00000210:	movs r1,123             	R1=0x0000007B
0x00000214:	s32 [r7+0],r1           	MEM[0x00007FE8]=R1=0x0000007B
0x00000218:	movs r1,100             	R1=0x00000064
0x0000021C:	s32 [r7-1],r1           	MEM[0x00007FE4]=R1=0x00000064
0x00000220:	l32 r1,[r7+0]           	R1=MEM[0x00007FE8]=0x0000007B
0x00000224:	push r1                 	MEM[0x00007FE0]{0x0000007B}={R1}
0x00000228:	call -77                	PC=0x000000F8,MEM[0x00007FDC]=0x0000022C
0x000000F8:	push r6                 	MEM[0x00007FD8]{0x00007FE8}={R6}
0x000000FC:	push r7                 	MEM[0x00007FD4]{0x00001FFA}={R7}
0x00000100:	add r6,sp,r0            	R6=SP+R0=0x00007FD0,SR=0x00000000
0x00000104:	add r7,r6,r0            	R7=R6+R0=0x00007FD0,SR=0x00000000
0x00000108:	sra r0,r7,r7,1          	R0:R7=R0:R7>>2=0x0000000000001FF4,SR=0x00000000
0x0000010C:	subi sp,sp,12           	SP=SP-0x0000000C=0x00007FC4,SR=0x00000000
0x00000110:	movs r1,1               	R1=0x00000001
0x00000114:	s32 [r7+0],r1           	MEM[0x00007FD0]=R1=0x00000001
0x00000118:	movs r1,0               	R1=0x00000000
0x0000011C:	s32 [r7-1],r1           	MEM[0x00007FCC]=R1=0x00000000
0x00000120:	l32 r1,[r7+4]           	R1=MEM[0x00007FE0]=0x0000007B
0x00000124:	cmpi r1,0               	SR=0x00000000
0x00000128:	bge 6                   	PC=0x00000144
0x00000144:	l32 r1,[r7+4]           	R1=MEM[0x00007FE0]=0x0000007B
0x00000148:	l32 r2,[r7+0]           	R2=MEM[0x00007FD0]=0x00000001
0x0000014C:	divs r4,r1,r1,r2        	R4=R1%R2=0x00000000,R1=R1/R2=0x0000007B,SR=0x00000000
0x00000150:	cmpi r1,11              	SR=0x00000000
0x00000154:	ble 5                   	PC=0x00000158
0x00000158:	l32 r1,[r7+0]           	R1=MEM[0x00007FD0]=0x00000001
0x0000015C:	movs r2,10              	R2=0x0000000A
0x00000160:	muls r8,r1,r1,r2        	R8:R1=R1*R2=0x000000000000000A,SR=0x00000000
0x00000164:	s32 [r7+0],r1           	MEM[0x00007FD0]=R1=0x0000000A
0x00000168:	bun -10                 	PC=0x00000144
0x00000144:	l32 r1,[r7+4]           	R1=MEM[0x00007FE0]=0x0000007B
0x00000148:	l32 r2,[r7+0]           	R2=MEM[0x00007FD0]=0x0000000A
0x0000014C:	divs r4,r1,r1,r2        	R4=R1%R2=0x00000003,R1=R1/R2=0x0000000C,SR=0x00000001
0x00000150:	cmpi r1,11              	SR=0x00000000
0x00000154:	ble 5                   	PC=0x00000158
0x00000158:	l32 r1,[r7+0]           	R1=MEM[0x00007FD0]=0x0000000A
0x0000015C:	movs r2,10              	R2=0x0000000A
0x00000160:	muls r8,r1,r1,r2        	R8:R1=R1*R2=0x0000000000000064,SR=0x00000000
0x00000164:	s32 [r7+0],r1           	MEM[0x00007FD0]=R1=0x00000064
0x00000168:	bun -10                 	PC=0x00000144
0x00000144:	l32 r1,[r7+4]           	R1=MEM[0x00007FE0]=0x0000007B
0x00000148:	l32 r2,[r7+0]           	R2=MEM[0x00007FD0]=0x00000064
0x0000014C:	divs r4,r1,r1,r2        	R4=R1%R2=0x00000017,R1=R1/R2=0x00000001,SR=0x00000001
0x00000150:	cmpi r1,11              	SR=0x00000011
0x00000154:	ble 5                   	PC=0x0000016C
0x0000016C:	l32 r1,[r7-1]           	R1=MEM[0x00007FCC]=0x00000000
0x00000170:	cmpi r1,0               	SR=0x00000040
0x00000174:	ble 5                   	PC=0x0000018C
0x0000018C:	movs r1,43              	R1=0x0000002B
0x00000190:	push r1                 	MEM[0x00007FC4]{0x0000002B}={R1}
0x00000194:	call -54                	PC=0x000000C0,MEM[0x00007FC0]=0x00000198
0x000000C0:	push r6                 	MEM[0x00007FBC]{0x00007FD0}={R6}
0x000000C4:	push r7                 	MEM[0x00007FB8]{0x00001FF4}={R7}
0x000000C8:	add r6,sp,r0            	R6=SP+R0=0x00007FB4,SR=0x00000000
0x000000CC:	add r7,r6,r0            	R7=R6+R0=0x00007FB4,SR=0x00000000
0x000000D0:	sra r0,r7,r7,1          	R0:R7=R0:R7>>2=0x0000000000001FED,SR=0x00000000
0x000000D4:	subi sp,sp,0            	SP=SP-0x00000000=0x00007FB4,SR=0x00000000
0x000000D8:	mov r8,1024             	R8=0x00000400
0x000000DC:	l32 r1,[r8+0]           	R1=MEM[0x00001000]=0x22222222
0x000000E0:	l32 r2,[r7+4]           	R2=MEM[0x00007FC4]=0x0000002B
0x000000E4:	s32 [r1+0],r2           	MEM[0x88888888]=R2=0x0000002B
0x000000E8:	add sp,r6,r0            	SP=R6+R0=0x00007FB4,SR=0x00000000
0x000000EC:	pop r7                  	{R7}=MEM[0x00007FB8]{0x00001FF4}
0x000000F0:	pop r6                  	{R6}=MEM[0x00007FBC]{0x00007FD0}
0x000000F4:	ret                     	PC=MEM[0x00007FC0]=0x00000198
0x00000198:	addi sp,sp,4            	SP=SP+0x00000004=0x00007FC4,SR=0x00000000
0x0000019C:	l32 r1,[r7+0]           	R1=MEM[0x00007FD0]=0x00000064
0x000001A0:	cmpi r1,0               	SR=0x00000000
0x000001A4:	ble 16                  	PC=0x000001A8
0x000001A8:	l32 r1,[r7+4]           	R1=MEM[0x00007FE0]=0x0000007B
0x000001AC:	l32 r2,[r7+0]           	R2=MEM[0x00007FD0]=0x00000064
0x000001B0:	divs r4,r1,r1,r2        	R4=R1%R2=0x00000017,R1=R1/R2=0x00000001,SR=0x00000001
0x000001B4:	movs r2,10              	R2=0x0000000A
0x000001B8:	divs r4,r1,r1,r2        	R4=R1%R2=0x00000001,R1=R1/R2=0x00000000,SR=0x00000041
0x000001BC:	s32 [r7-2],r4           	MEM[0x00007FC8]=R4=0x00000001
0x000001C0:	l32 r1,[r7-2]           	R1=MEM[0x00007FC8]=0x00000001
0x000001C4:	addi r1,r1,48           	R1=R1+0x00000030=0x00000031,SR=0x00000000
0x000001C8:	push r1                 	MEM[0x00007FC4]{0x00000031}={R1}
0x000001CC:	call -68                	PC=0x000000C0,MEM[0x00007FC0]=0x000001D0
0x000000C0:	push r6                 	MEM[0x00007FBC]{0x00007FD0}={R6}
0x000000C4:	push r7                 	MEM[0x00007FB8]{0x00001FF4}={R7}
0x000000C8:	add r6,sp,r0            	R6=SP+R0=0x00007FB4,SR=0x00000000
0x000000CC:	add r7,r6,r0            	R7=R6+R0=0x00007FB4,SR=0x00000000
0x000000D0:	sra r0,r7,r7,1          	R0:R7=R0:R7>>2=0x0000000000001FED,SR=0x00000000
0x000000D4:	subi sp,sp,0            	SP=SP-0x00000000=0x00007FB4,SR=0x00000000
0x000000D8:	mov r8,1024             	R8=0x00000400
0x000000DC:	l32 r1,[r8+0]           	R1=MEM[0x00001000]=0x22222222
0x000000E0:	l32 r2,[r7+4]           	R2=MEM[0x00007FC4]=0x00000031
0x000000E4:	s32 [r1+0],r2           	MEM[0x88888888]=R2=0x00000031
0x000000E8:	add sp,r6,r0            	SP=R6+R0=0x00007FB4,SR=0x00000000
0x000000EC:	pop r7                  	{R7}=MEM[0x00007FB8]{0x00001FF4}
0x000000F0:	pop r6                  	{R6}=MEM[0x00007FBC]{0x00007FD0}
0x000000F4:	ret                     	PC=MEM[0x00007FC0]=0x000001D0
0x000001D0:	addi sp,sp,4            	SP=SP+0x00000004=0x00007FC4,SR=0x00000000
0x000001D4:	l32 r1,[r7+0]           	R1=MEM[0x00007FD0]=0x00000064
0x000001D8:	movs r2,10              	R2=0x0000000A
0x000001DC:	divs r4,r1,r1,r2        	R4=R1%R2=0x00000000,R1=R1/R2=0x0000000A,SR=0x00000000
0x000001E0:	s32 [r7+0],r1           	MEM[0x00007FD0]=R1=0x0000000A
0x000001E4:	bun -19                 	PC=0x0000019C
0x0000019C:	l32 r1,[r7+0]           	R1=MEM[0x00007FD0]=0x0000000A
0x000001A0:	cmpi r1,0               	SR=0x00000000
0x000001A4:	ble 16                  	PC=0x000001A8
0x000001A8:	l32 r1,[r7+4]           	R1=MEM[0x00007FE0]=0x0000007B
0x000001AC:	l32 r2,[r7+0]           	R2=MEM[0x00007FD0]=0x0000000A
0x000001B0:	divs r4,r1,r1,r2        	R4=R1%R2=0x00000003,R1=R1/R2=0x0000000C,SR=0x00000001
0x000001B4:	movs r2,10              	R2=0x0000000A
0x000001B8:	divs r4,r1,r1,r2        	R4=R1%R2=0x00000002,R1=R1/R2=0x00000001,SR=0x00000001
0x000001BC:	s32 [r7-2],r4           	MEM[0x00007FC8]=R4=0x00000002
0x000001C0:	l32 r1,[r7-2]           	R1=MEM[0x00007FC8]=0x00000002
0x000001C4:	addi r1,r1,48           	R1=R1+0x00000030=0x00000032,SR=0x00000000
0x000001C8:	push r1                 	MEM[0x00007FC4]{0x00000032}={R1}
0x000001CC:	call -68                	PC=0x000000C0,MEM[0x00007FC0]=0x000001D0
0x000000C0:	push r6                 	MEM[0x00007FBC]{0x00007FD0}={R6}
0x000000C4:	push r7                 	MEM[0x00007FB8]{0x00001FF4}={R7}
0x000000C8:	add r6,sp,r0            	R6=SP+R0=0x00007FB4,SR=0x00000000
0x000000CC:	add r7,r6,r0            	R7=R6+R0=0x00007FB4,SR=0x00000000
0x000000D0:	sra r0,r7,r7,1          	R0:R7=R0:R7>>2=0x0000000000001FED,SR=0x00000000
0x000000D4:	subi sp,sp,0            	SP=SP-0x00000000=0x00007FB4,SR=0x00000000
0x000000D8:	mov r8,1024             	R8=0x00000400
0x000000DC:	l32 r1,[r8+0]           	R1=MEM[0x00001000]=0x22222222
0x000000E0:	l32 r2,[r7+4]           	R2=MEM[0x00007FC4]=0x00000032
0x000000E4:	s32 [r1+0],r2           	MEM[0x88888888]=R2=0x00000032
0x000000E8:	add sp,r6,r0            	SP=R6+R0=0x00007FB4,SR=0x00000000
0x000000EC:	pop r7                  	{R7}=MEM[0x00007FB8]{0x00001FF4}
0x000000F0:	pop r6                  	{R6}=MEM[0x00007FBC]{0x00007FD0}
0x000000F4:	ret                     	PC=MEM[0x00007FC0]=0x000001D0
0x000001D0:	addi sp,sp,4            	SP=SP+0x00000004=0x00007FC4,SR=0x00000000
0x000001D4:	l32 r1,[r7+0]           	R1=MEM[0x00007FD0]=0x0000000A
0x000001D8:	movs r2,10              	R2=0x0000000A
0x000001DC:	divs r4,r1,r1,r2        	R4=R1%R2=0x00000000,R1=R1/R2=0x00000001,SR=0x00000000
0x000001E0:	s32 [r7+0],r1           	MEM[0x00007FD0]=R1=0x00000001
0x000001E4:	bun -19                 	PC=0x0000019C
0x0000019C:	l32 r1,[r7+0]           	R1=MEM[0x00007FD0]=0x00000001
0x000001A0:	cmpi r1,0               	SR=0x00000000
0x000001A4:	ble 16                  	PC=0x000001A8
0x000001A8:	l32 r1,[r7+4]           	R1=MEM[0x00007FE0]=0x0000007B
0x000001AC:	l32 r2,[r7+0]           	R2=MEM[0x00007FD0]=0x00000001
0x000001B0:	divs r4,r1,r1,r2        	R4=R1%R2=0x00000000,R1=R1/R2=0x0000007B,SR=0x00000000
0x000001B4:	movs r2,10              	R2=0x0000000A
0x000001B8:	divs r4,r1,r1,r2        	R4=R1%R2=0x00000003,R1=R1/R2=0x0000000C,SR=0x00000001
0x000001BC:	s32 [r7-2],r4           	MEM[0x00007FC8]=R4=0x00000003
0x000001C0:	l32 r1,[r7-2]           	R1=MEM[0x00007FC8]=0x00000003
0x000001C4:	addi r1,r1,48           	R1=R1+0x00000030=0x00000033,SR=0x00000000
0x000001C8:	push r1                 	MEM[0x00007FC4]{0x00000033}={R1}
0x000001CC:	call -68                	PC=0x000000C0,MEM[0x00007FC0]=0x000001D0
0x000000C0:	push r6                 	MEM[0x00007FBC]{0x00007FD0}={R6}
0x000000C4:	push r7                 	MEM[0x00007FB8]{0x00001FF4}={R7}
0x000000C8:	add r6,sp,r0            	R6=SP+R0=0x00007FB4,SR=0x00000000
0x000000CC:	add r7,r6,r0            	R7=R6+R0=0x00007FB4,SR=0x00000000
0x000000D0:	sra r0,r7,r7,1          	R0:R7=R0:R7>>2=0x0000000000001FED,SR=0x00000000
0x000000D4:	subi sp,sp,0            	SP=SP-0x00000000=0x00007FB4,SR=0x00000000
0x000000D8:	mov r8,1024             	R8=0x00000400
0x000000DC:	l32 r1,[r8+0]           	R1=MEM[0x00001000]=0x22222222
0x000000E0:	l32 r2,[r7+4]           	R2=MEM[0x00007FC4]=0x00000033
0x000000E4:	s32 [r1+0],r2           	MEM[0x88888888]=R2=0x00000033
0x000000E8:	add sp,r6,r0            	SP=R6+R0=0x00007FB4,SR=0x00000000
0x000000EC:	pop r7                  	{R7}=MEM[0x00007FB8]{0x00001FF4}
0x000000F0:	pop r6                  	{R6}=MEM[0x00007FBC]{0x00007FD0}
0x000000F4:	ret                     	PC=MEM[0x00007FC0]=0x000001D0
0x000001D0:	addi sp,sp,4            	SP=SP+0x00000004=0x00007FC4,SR=0x00000000
0x000001D4:	l32 r1,[r7+0]           	R1=MEM[0x00007FD0]=0x00000001
0x000001D8:	movs r2,10              	R2=0x0000000A
0x000001DC:	divs r4,r1,r1,r2        	R4=R1%R2=0x00000001,R1=R1/R2=0x00000000,SR=0x00000041
0x000001E0:	s32 [r7+0],r1           	MEM[0x00007FD0]=R1=0x00000000
0x000001E4:	bun -19                 	PC=0x0000019C
0x0000019C:	l32 r1,[r7+0]           	R1=MEM[0x00007FD0]=0x00000000
0x000001A0:	cmpi r1,0               	SR=0x00000040
0x000001A4:	ble 16                  	PC=0x000001E8
0x000001E8:	add sp,r6,r0            	SP=R6+R0=0x00007FD0,SR=0x00000000
0x000001EC:	pop r7                  	{R7}=MEM[0x00007FD4]{0x00001FFA}
0x000001F0:	pop r6                  	{R6}=MEM[0x00007FD8]{0x00007FE8}
0x000001F4:	ret                     	PC=MEM[0x00007FDC]=0x0000022C
0x0000022C:	addi sp,sp,4            	SP=SP+0x00000004=0x00007FE0,SR=0x00000000
0x00000230:	movs r1,10              	R1=0x0000000A
0x00000234:	push r1                 	MEM[0x00007FE0]{0x0000000A}={R1}
0x00000238:	call -95                	PC=0x000000C0,MEM[0x00007FDC]=0x0000023C
0x000000C0:	push r6                 	MEM[0x00007FD8]{0x00007FE8}={R6}
0x000000C4:	push r7                 	MEM[0x00007FD4]{0x00001FFA}={R7}
0x000000C8:	add r6,sp,r0            	R6=SP+R0=0x00007FD0,SR=0x00000000
0x000000CC:	add r7,r6,r0            	R7=R6+R0=0x00007FD0,SR=0x00000000
0x000000D0:	sra r0,r7,r7,1          	R0:R7=R0:R7>>2=0x0000000000001FF4,SR=0x00000000
0x000000D4:	subi sp,sp,0            	SP=SP-0x00000000=0x00007FD0,SR=0x00000000
0x000000D8:	mov r8,1024             	R8=0x00000400
0x000000DC:	l32 r1,[r8+0]           	R1=MEM[0x00001000]=0x22222222
0x000000E0:	l32 r2,[r7+4]           	R2=MEM[0x00007FE0]=0x0000000A
0x000000E4:	s32 [r1+0],r2           	MEM[0x88888888]=R2=0x0000000A
0x000000E8:	add sp,r6,r0            	SP=R6+R0=0x00007FD0,SR=0x00000000
0x000000EC:	pop r7                  	{R7}=MEM[0x00007FD4]{0x00001FFA}
0x000000F0:	pop r6                  	{R6}=MEM[0x00007FD8]{0x00007FE8}
0x000000F4:	ret                     	PC=MEM[0x00007FDC]=0x0000023C
0x0000023C:	addi sp,sp,4            	SP=SP+0x00000004=0x00007FE0,SR=0x00000000
0x00000240:	l32 r2,[r7-1]           	R2=MEM[0x00007FE4]=0x00000064
0x00000244:	add sp,r6,r0            	SP=R6+R0=0x00007FE8,SR=0x00000000
0x00000248:	pop r7                  	{R7}=MEM[0x00007FEC]{0x00001FFD}
0x0000024C:	pop r6                  	{R6}=MEM[0x00007FF0]{0x00007FF4}
0x00000250:	ret                     	PC=MEM[0x00007FF4]=0x00000028
0x00000028:	call -9                 	PC=0x00000008,MEM[0x00007FF4]=0x0000002C
0x00000008:	int 0                   	CR=0x00000000,PC=0x00000000
[TERMINAL]
+123

[END OF SIMULATION]