[START OF SIMULATION]
0x00000000:	mov sp,32764            	SP=0x00007FFC
0x00000004:	bun 1                   	PC=0x0000000C
0x0000000C:	push r6                 	MEM[0x00007FFC]{0x00000000}={R6}
0x00000010:	push r7                 	MEM[0x00007FF8]{0x00000000}={R7}
0x00000014:	add r6,sp,r0            	R6=SP+R0=0x00007FF4,SR=0x00000000
0x00000018:	add r7,r6,r0            	R7=R6+R0=0x00007FF4,SR=0x00000000
0x0000001C:	sra r0,r7,r7,1          	R0:R7=R0:R7>>2=0x0000000000001FFD,SR=0x00000000
0x00000020:	subi sp,sp,0            	SP=SP-0x00000000=0x00007FF4,SR=0x00000000
0x00000024:	call 91                 	PC=0x00000194,MEM[0x00007FF4]=0x00000028
0x00000194:	push r6                 	MEM[0x00007FF0]{0x00007FF4}={R6}
0x00000198:	push r7                 	MEM[0x00007FEC]{0x00001FFD}={R7}
0x0000019C:	add r6,sp,r0            	R6=SP+R0=0x00007FE8,SR=0x00000000
0x000001A0:	add r7,r6,r0            	R7=R6+R0=0x00007FE8,SR=0x00000000
0x000001A4:	sra r0,r7,r7,1          	R0:R7=R0:R7>>2=0x0000000000001FFA,SR=0x00000000
0x000001A8:	subi sp,sp,8            	SP=SP-0x00000008=0x00007FE0,SR=0x00000000
0x000001AC:	movs r1,2               	R1=0x00000002
0x000001B0:	s32 [r7+0],r1           	MEM[0x00007FE8]=R1=0x00000002
0x000001B4:	movs r1,5               	R1=0x00000005
0x000001B8:	push r1                 	MEM[0x00007FE0]{0x00000005}={R1}
0x000001BC:	movs r1,4               	R1=0x00000004
0x000001C0:	push r1                 	MEM[0x00007FDC]{0x00000004}={R1}
0x000001C4:	movs r1,3               	R1=0x00000003
0x000001C8:	push r1                 	MEM[0x00007FD8]{0x00000003}={R1}
0x000001CC:	movs r1,2               	R1=0x00000002
0x000001D0:	push r1                 	MEM[0x00007FD4]{0x00000002}={R1}
0x000001D4:	movs r1,1               	R1=0x00000001
0x000001D8:	push r1                 	MEM[0x00007FD0]{0x00000001}={R1}
0x000001DC:	call -42                	PC=0x00000138,MEM[0x00007FCC]=0x000001E0
0x00000138:	push r6                 	MEM[0x00007FC8]{0x00007FE8}={R6}
0x0000013C:	push r7                 	MEM[0x00007FC4]{0x00001FFA}={R7}
0x00000140:	add r6,sp,r0            	R6=SP+R0=0x00007FC0,SR=0x00000000
0x00000144:	add r7,r6,r0            	R7=R6+R0=0x00007FC0,SR=0x00000000
0x00000148:	sra r0,r7,r7,1          	R0:R7=R0:R7>>2=0x0000000000001FF0,SR=0x00000000
0x0000014C:	subi sp,sp,0            	SP=SP-0x00000000=0x00007FC0,SR=0x00000000
0x00000150:	l32 r1,[r7+4]           	R1=MEM[0x00007FD0]=0x00000001
0x00000154:	l32 r2,[r7+5]           	R2=MEM[0x00007FD4]=0x00000002
0x00000158:	add r1,r1,r2            	R1=R1+R2=0x00000003,SR=0x00000000
0x0000015C:	sub r1,r1,r2            	R1=R1-R2=0x00000001,SR=0x00000000
0x00000160:	l32 r2,[r7+6]           	R2=MEM[0x00007FD8]=0x00000003
0x00000164:	add r1,r1,r2            	R1=R1+R2=0x00000004,SR=0x00000000
0x00000168:	sub r1,r1,r2            	R1=R1-R2=0x00000001,SR=0x00000000
0x0000016C:	l32 r2,[r7+7]           	R2=MEM[0x00007FDC]=0x00000004
0x00000170:	add r1,r1,r2            	R1=R1+R2=0x00000005,SR=0x00000000
0x00000174:	sub r1,r1,r2            	R1=R1-R2=0x00000001,SR=0x00000000
0x00000178:	l32 r2,[r7+8]           	R2=MEM[0x00007FE0]=0x00000005
0x0000017C:	sub r1,r1,r2            	R1=R1-R2=0xFFFFFFFC,SR=0x00000011
0x00000180:	add r2,r1,r0            	R2=R1+R0=0xFFFFFFFC,SR=0x00000010
0x00000184:	add sp,r6,r0            	SP=R6+R0=0x00007FC0,SR=0x00000000
0x00000188:	pop r7                  	{R7}=MEM[0x00007FC4]{0x00001FFA}
0x0000018C:	pop r6                  	{R6}=MEM[0x00007FC8]{0x00007FE8}
0x00000190:	ret                     	PC=MEM[0x00007FCC]=0x000001E0
0x000001E0:	addi sp,sp,20           	SP=SP+0x00000014=0x00007FE0,SR=0x00000000
0x000001E4:	subi r2,r2,69           	R2=R2-0x00000045=0xFFFFFFB7,SR=0x00000010
0x000001E8:	s32 [r7-1],r2           	MEM[0x00007FE4]=R2=0xFFFFFFB7
0x000001EC:	l32 r1,[r7-1]           	R1=MEM[0x00007FE4]=0xFFFFFFB7
0x000001F0:	push r1                 	MEM[0x00007FE0]{0xFFFFFFB7}={R1}
0x000001F4:	l32 r1,[r7+0]           	R1=MEM[0x00007FE8]=0x00000002
0x000001F8:	push r1                 	MEM[0x00007FDC]{0x00000002}={R1}
0x000001FC:	call -64                	PC=0x00000100,MEM[0x00007FD8]=0x00000200
0x00000100:	push r6                 	MEM[0x00007FD4]{0x00007FE8}={R6}
0x00000104:	push r7                 	MEM[0x00007FD0]{0x00001FFA}={R7}
0x00000108:	add r6,sp,r0            	R6=SP+R0=0x00007FCC,SR=0x00000000
0x0000010C:	add r7,r6,r0            	R7=R6+R0=0x00007FCC,SR=0x00000000
0x00000110:	sra r0,r7,r7,1          	R0:R7=R0:R7>>2=0x0000000000001FF3,SR=0x00000000
0x00000114:	subi sp,sp,0            	SP=SP-0x00000000=0x00007FCC,SR=0x00000000
0x00000118:	l32 r1,[r7+4]           	R1=MEM[0x00007FDC]=0x00000002
0x0000011C:	l32 r2,[r7+5]           	R2=MEM[0x00007FE0]=0xFFFFFFB7
0x00000120:	sub r1,r1,r2            	R1=R1-R2=0x0000004B,SR=0x00000001
0x00000124:	add r2,r1,r0            	R2=R1+R0=0x0000004B,SR=0x00000000
0x00000128:	add sp,r6,r0            	SP=R6+R0=0x00007FCC,SR=0x00000000
0x0000012C:	pop r7                  	{R7}=MEM[0x00007FD0]{0x00001FFA}
0x00000130:	pop r6                  	{R6}=MEM[0x00007FD4]{0x00007FE8}
0x00000134:	ret                     	PC=MEM[0x00007FD8]=0x00000200
0x00000200:	addi sp,sp,8            	SP=SP+0x00000008=0x00007FE0,SR=0x00000000
0x00000204:	l32 r1,[r7+0]           	R1=MEM[0x00007FE8]=0x00000002
0x00000208:	l32 r2,[r7-1]           	R2=MEM[0x00007FE4]=0xFFFFFFB7
0x0000020C:	add r1,r1,r2            	R1=R1+R2=0xFFFFFFB9,SR=0x00000010
0x00000210:	sub r1,r1,r2            	R1=R1-R2=0x00000002,SR=0x00000000
0x00000214:	add r2,r1,r0            	R2=R1+R0=0x00000002,SR=0x00000000
0x00000218:	add sp,r6,r0            	SP=R6+R0=0x00007FE8,SR=0x00000000
0x0000021C:	pop r7                  	{R7}=MEM[0x00007FEC]{0x00001FFD}
0x00000220:	pop r6                  	{R6}=MEM[0x00007FF0]{0x00007FF4}
0x00000224:	ret                     	PC=MEM[0x00007FF4]=0x00000028
0x00000028:	call -9                 	PC=0x00000008,MEM[0x00007FF4]=0x0000002C
0x00000008:	int 0                   	CR=0x00000000,PC=0x00000000
[END OF SIMULATION]