[START OF SIMULATION]
0x00000000:	mov sp,32764            	SP=0x00007FFC
0x00000004:	bun 1                   	PC=0x0000000C
0x0000000C:	push r6                 	MEM[0x00007FFC]{0x00000000}={R6}
0x00000010:	push r7                 	MEM[0x00007FF8]{0x00000000}={R7}
0x00000014:	add r6,sp,r0            	R6=SP+R0=0x00007FF4,SR=0x00000000
0x00000018:	add r7,r6,r0            	R7=R6+R0=0x00007FF4,SR=0x00000000
0x0000001C:	sra r0,r7,r7,1          	R0:R7=R0:R7>>2=0x0000000000001FFD,SR=0x00000000
0x00000020:	subi sp,sp,0            	SP=SP-0x00000000=0x00007FF4,SR=0x00000000
0x00000024:	call 152                	PC=0x00000288,MEM[0x00007FF4]=0x00000028
0x00000288:	push r6                 	MEM[0x00007FF0]{0x00007FF4}={R6}
0x0000028C:	push r7                 	MEM[0x00007FEC]{0x00001FFD}={R7}
0x00000290:	add r6,sp,r0            	R6=SP+R0=0x00007FE8,SR=0x00000000
0x00000294:	add r7,r6,r0            	R7=R6+R0=0x00007FE8,SR=0x00000000
0x00000298:	sra r0,r7,r7,1          	R0:R7=R0:R7>>2=0x0000000000001FFA,SR=0x00000000
0x0000029C:	subi sp,sp,8            	SP=SP-0x00000008=0x00007FE0,SR=0x00000000
0x000002A0:	movs r1,123             	R1=0x0000007B
0x000002A4:	s32 [r7+0],r1           	MEM[0x00007FE8]=R1=0x0000007B
0x000002A8:	movs r1,100             	R1=0x00000064
0x000002AC:	s32 [r7-1],r1           	MEM[0x00007FE4]=R1=0x00000064
0x000002B0:	l32 r1,[r7+0]           	R1=MEM[0x00007FE8]=0x0000007B
0x000002B4:	push r1                 	MEM[0x00007FE0]{0x0000007B}={R1}
0x000002B8:	call -77                	PC=0x00000188,MEM[0x00007FDC]=0x000002BC
0x00000188:	push r6                 	MEM[0x00007FD8]{0x00007FE8}={R6}
0x0000018C:	push r7                 	MEM[0x00007FD4]{0x00001FFA}={R7}
0x00000190:	add r6,sp,r0            	R6=SP+R0=0x00007FD0,SR=0x00000000
0x00000194:	add r7,r6,r0            	R7=R6+R0=0x00007FD0,SR=0x00000000
0x00000198:	sra r0,r7,r7,1          	R0:R7=R0:R7>>2=0x0000000000001FF4,SR=0x00000000
0x0000019C:	subi sp,sp,12           	SP=SP-0x0000000C=0x00007FC4,SR=0x00000000
0x000001A0:	movs r1,1               	R1=0x00000001
0x000001A4:	s32 [r7+0],r1           	MEM[0x00007FD0]=R1=0x00000001
0x000001A8:	movs r1,0               	R1=0x00000000
0x000001AC:	s32 [r7-1],r1           	MEM[0x00007FCC]=R1=0x00000000
0x000001B0:	l32 r1,[r7+4]           	R1=MEM[0x00007FE0]=0x0000007B
0x000001B4:	cmpi r1,0               	SR=0x00000000
0x000001B8:	bge 6                   	PC=0x000001D4
0x000001D4:	l32 r1,[r7+4]           	R1=MEM[0x00007FE0]=0x0000007B
0x000001D8:	l32 r2,[r7+0]           	R2=MEM[0x00007FD0]=0x00000001
0x000001DC:	divs r4,r1,r1,r2        	R4=R1%R2=0x00000000,R1=R1/R2=0x0000007B,SR=0x00000000
0x000001E0:	cmpi r1,11              	SR=0x00000000
0x000001E4:	ble 5                   	PC=0x000001E8
0x000001E8:	l32 r1,[r7+0]           	R1=MEM[0x00007FD0]=0x00000001
0x000001EC:	movs r2,10              	R2=0x0000000A
0x000001F0:	muls r8,r1,r1,r2        	R8:R1=R1*R2=0x000000000000000A,SR=0x00000000
0x000001F4:	s32 [r7+0],r1           	MEM[0x00007FD0]=R1=0x0000000A
0x000001F8:	bun -10                 	PC=0x000001D4
0x000001D4:	l32 r1,[r7+4]           	R1=MEM[0x00007FE0]=0x0000007B
0x000001D8:	l32 r2,[r7+0]           	R2=MEM[0x00007FD0]=0x0000000A
0x000001DC:	divs r4,r1,r1,r2        	R4=R1%R2=0x00000003,R1=R1/R2=0x0000000C,SR=0x00000001
0x000001E0:	cmpi r1,11              	SR=0x00000000
0x000001E4:	ble 5                   	PC=0x000001E8
0x000001E8:	l32 r1,[r7+0]           	R1=MEM[0x00007FD0]=0x0000000A
0x000001EC:	movs r2,10              	R2=0x0000000A
0x000001F0:	muls r8,r1,r1,r2        	R8:R1=R1*R2=0x0000000000000064,SR=0x00000000
0x000001F4:	s32 [r7+0],r1           	MEM[0x00007FD0]=R1=0x00000064
0x000001F8:	bun -10                 	PC=0x000001D4
0x000001D4:	l32 r1,[r7+4]           	R1=MEM[0x00007FE0]=0x0000007B
0x000001D8:	l32 r2,[r7+0]           	R2=MEM[0x00007FD0]=0x00000064
0x000001DC:	divs r4,r1,r1,r2        	R4=R1%R2=0x00000017,R1=R1/R2=0x00000001,SR=0x00000001
0x000001E0:	cmpi r1,11              	SR=0x00000011
0x000001E4:	ble 5                   	PC=0x000001FC
0x000001FC:	l32 r1,[r7-1]           	R1=MEM[0x00007FCC]=0x00000000
0x00000200:	cmpi r1,0               	SR=0x00000040
0x00000204:	ble 5                   	PC=0x0000021C
0x0000021C:	movs r1,43              	R1=0x0000002B
0x00000220:	push r1                 	MEM[0x00007FC4]{0x0000002B}={R1}
0x00000224:	call -54                	PC=0x00000150,MEM[0x00007FC0]=0x00000228
0x00000150:	push r6                 	MEM[0x00007FBC]{0x00007FD0}={R6}
0x00000154:	push r7                 	MEM[0x00007FB8]{0x00001FF4}={R7}
0x00000158:	add r6,sp,r0            	R6=SP+R0=0x00007FB4,SR=0x00000000
0x0000015C:	add r7,r6,r0            	R7=R6+R0=0x00007FB4,SR=0x00000000
0x00000160:	sra r0,r7,r7,1          	R0:R7=R0:R7>>2=0x0000000000001FED,SR=0x00000000
0x00000164:	subi sp,sp,0            	SP=SP-0x00000000=0x00007FB4,SR=0x00000000
0x00000168:	mov r8,1024             	R8=0x00000400
0x0000016C:	l32 r1,[r8+0]           	R1=MEM[0x00001000]=0x22222222
0x00000170:	l32 r2,[r7+4]           	R2=MEM[0x00007FC4]=0x0000002B
0x00000174:	s32 [r1+0],r2           	MEM[0x88888888]=R2=0x0000002B
0x00000178:	add sp,r6,r0            	SP=R6+R0=0x00007FB4,SR=0x00000000
0x0000017C:	pop r7                  	{R7}=MEM[0x00007FB8]{0x00001FF4}
0x00000180:	pop r6                  	{R6}=MEM[0x00007FBC]{0x00007FD0}
0x00000184:	ret                     	PC=MEM[0x00007FC0]=0x00000228
0x00000228:	addi sp,sp,4            	SP=SP+0x00000004=0x00007FC4,SR=0x00000000
0x0000022C:	l32 r1,[r7+0]           	R1=MEM[0x00007FD0]=0x00000064
0x00000230:	cmpi r1,0               	SR=0x00000000
0x00000234:	ble 16                  	PC=0x00000238
0x00000238:	l32 r1,[r7+4]           	R1=MEM[0x00007FE0]=0x0000007B
0x0000023C:	l32 r2,[r7+0]           	R2=MEM[0x00007FD0]=0x00000064
0x00000240:	divs r4,r1,r1,r2        	R4=R1%R2=0x00000017,R1=R1/R2=0x00000001,SR=0x00000001
0x00000244:	movs r2,10              	R2=0x0000000A
0x00000248:	divs r4,r1,r1,r2        	R4=R1%R2=0x00000001,R1=R1/R2=0x00000000,SR=0x00000041
0x0000024C:	s32 [r7-2],r4           	MEM[0x00007FC8]=R4=0x00000001
0x00000250:	l32 r1,[r7-2]           	R1=MEM[0x00007FC8]=0x00000001
0x00000254:	addi r1,r1,48           	R1=R1+0x00000030=0x00000031,SR=0x00000000
0x00000258:	push r1                 	MEM[0x00007FC4]{0x00000031}={R1}
0x0000025C:	call -68                	PC=0x00000150,MEM[0x00007FC0]=0x00000260
0x00000150:	push r6                 	MEM[0x00007FBC]{0x00007FD0}={R6}
0x00000154:	push r7                 	MEM[0x00007FB8]{0x00001FF4}={R7}
0x00000158:	add r6,sp,r0            	R6=SP+R0=0x00007FB4,SR=0x00000000
0x0000015C:	add r7,r6,r0            	R7=R6+R0=0x00007FB4,SR=0x00000000
0x00000160:	sra r0,r7,r7,1          	R0:R7=R0:R7>>2=0x0000000000001FED,SR=0x00000000
0x00000164:	subi sp,sp,0            	SP=SP-0x00000000=0x00007FB4,SR=0x00000000
0x00000168:	mov r8,1024             	R8=0x00000400
0x0000016C:	l32 r1,[r8+0]           	R1=MEM[0x00001000]=0x22222222
0x00000170:	l32 r2,[r7+4]           	R2=MEM[0x00007FC4]=0x00000031
0x00000174:	s32 [r1+0],r2           	MEM[0x88888888]=R2=0x00000031
0x00000178:	add sp,r6,r0            	SP=R6+R0=0x00007FB4,SR=0x00000000
0x0000017C:	pop r7                  	{R7}=MEM[0x00007FB8]{0x00001FF4}
0x00000180:	pop r6                  	{R6}=MEM[0x00007FBC]{0x00007FD0}
0x00000184:	ret                     	PC=MEM[0x00007FC0]=0x00000260
0x00000260:	addi sp,sp,4            	SP=SP+0x00000004=0x00007FC4,SR=0x00000000
0x00000264:	l32 r1,[r7+0]           	R1=MEM[0x00007FD0]=0x00000064
0x00000268:	movs r2,10              	R2=0x0000000A
0x0000026C:	divs r4,r1,r1,r2        	R4=R1%R2=0x00000000,R1=R1/R2=0x0000000A,SR=0x00000000
0x00000270:	s32 [r7+0],r1           	MEM[0x00007FD0]=R1=0x0000000A
0x00000274:	bun -19                 	PC=0x0000022C
0x0000022C:	l32 r1,[r7+0]           	R1=MEM[0x00007FD0]=0x0000000A
0x00000230:	cmpi r1,0               	SR=0x00000000
0x00000234:	ble 16                  	PC=0x00000238
0x00000238:	l32 r1,[r7+4]           	R1=MEM[0x00007FE0]=0x0000007B
0x0000023C:	l32 r2,[r7+0]           	R2=MEM[0x00007FD0]=0x0000000A
0x00000240:	divs r4,r1,r1,r2        	R4=R1%R2=0x00000003,R1=R1/R2=0x0000000C,SR=0x00000001
0x00000244:	movs r2,10              	R2=0x0000000A
0x00000248:	divs r4,r1,r1,r2        	R4=R1%R2=0x00000002,R1=R1/R2=0x00000001,SR=0x00000001
0x0000024C:	s32 [r7-2],r4           	MEM[0x00007FC8]=R4=0x00000002
0x00000250:	l32 r1,[r7-2]           	R1=MEM[0x00007FC8]=0x00000002
0x00000254:	addi r1,r1,48           	R1=R1+0x00000030=0x00000032,SR=0x00000000
0x00000258:	push r1                 	MEM[0x00007FC4]{0x00000032}={R1}
0x0000025C:	call -68                	PC=0x00000150,MEM[0x00007FC0]=0x00000260
0x00000150:	push r6                 	MEM[0x00007FBC]{0x00007FD0}={R6}
0x00000154:	push r7                 	MEM[0x00007FB8]{0x00001FF4}={R7}
0x00000158:	add r6,sp,r0            	R6=SP+R0=0x00007FB4,SR=0x00000000
0x0000015C:	add r7,r6,r0            	R7=R6+R0=0x00007FB4,SR=0x00000000
0x00000160:	sra r0,r7,r7,1          	R0:R7=R0:R7>>2=0x0000000000001FED,SR=0x00000000
0x00000164:	subi sp,sp,0            	SP=SP-0x00000000=0x00007FB4,SR=0x00000000
0x00000168:	mov r8,1024             	R8=0x00000400
0x0000016C:	l32 r1,[r8+0]           	R1=MEM[0x00001000]=0x22222222
0x00000170:	l32 r2,[r7+4]           	R2=MEM[0x00007FC4]=0x00000032
0x00000174:	s32 [r1+0],r2           	MEM[0x88888888]=R2=0x00000032
0x00000178:	add sp,r6,r0            	SP=R6+R0=0x00007FB4,SR=0x00000000
0x0000017C:	pop r7                  	{R7}=MEM[0x00007FB8]{0x00001FF4}
0x00000180:	pop r6                  	{R6}=MEM[0x00007FBC]{0x00007FD0}
0x00000184:	ret                     	PC=MEM[0x00007FC0]=0x00000260
0x00000260:	addi sp,sp,4            	SP=SP+0x00000004=0x00007FC4,SR=0x00000000
0x00000264:	l32 r1,[r7+0]           	R1=MEM[0x00007FD0]=0x0000000A
0x00000268:	movs r2,10              	R2=0x0000000A
0x0000026C:	divs r4,r1,r1,r2        	R4=R1%R2=0x00000000,R1=R1/R2=0x00000001,SR=0x00000000
0x00000270:	s32 [r7+0],r1           	MEM[0x00007FD0]=R1=0x00000001
0x00000274:	bun -19                 	PC=0x0000022C
0x0000022C:	l32 r1,[r7+0]           	R1=MEM[0x00007FD0]=0x00000001
0x00000230:	cmpi r1,0               	SR=0x00000000
0x00000234:	ble 16                  	PC=0x00000238
0x00000238:	l32 r1,[r7+4]           	R1=MEM[0x00007FE0]=0x0000007B
0x0000023C:	l32 r2,[r7+0]           	R2=MEM[0x00007FD0]=0x00000001
0x00000240:	divs r4,r1,r1,r2        	R4=R1%R2=0x00000000,R1=R1/R2=0x0000007B,SR=0x00000000
0x00000244:	movs r2,10              	R2=0x0000000A
0x00000248:	divs r4,r1,r1,r2        	R4=R1%R2=0x00000003,R1=R1/R2=0x0000000C,SR=0x00000001
0x0000024C:	s32 [r7-2],r4           	MEM[0x00007FC8]=R4=0x00000003
0x00000250:	l32 r1,[r7-2]           	R1=MEM[0x00007FC8]=0x00000003
0x00000254:	addi r1,r1,48           	R1=R1+0x00000030=0x00000033,SR=0x00000000
0x00000258:	push r1                 	MEM[0x00007FC4]{0x00000033}={R1}
0x0000025C:	call -68                	PC=0x00000150,MEM[0x00007FC0]=0x00000260
0x00000150:	push r6                 	MEM[0x00007FBC]{0x00007FD0}={R6}
0x00000154:	push r7                 	MEM[0x00007FB8]{0x00001FF4}={R7}
0x00000158:	add r6,sp,r0            	R6=SP+R0=0x00007FB4,SR=0x00000000
0x0000015C:	add r7,r6,r0            	R7=R6+R0=0x00007FB4,SR=0x00000000
0x00000160:	sra r0,r7,r7,1          	R0:R7=R0:R7>>2=0x0000000000001FED,SR=0x00000000
0x00000164:	subi sp,sp,0            	SP=SP-0x00000000=0x00007FB4,SR=0x00000000
0x00000168:	mov r8,1024             	R8=0x00000400
0x0000016C:	l32 r1,[r8+0]           	R1=MEM[0x00001000]=0x22222222
0x00000170:	l32 r2,[r7+4]           	R2=MEM[0x00007FC4]=0x00000033
0x00000174:	s32 [r1+0],r2           	MEM[0x88888888]=R2=0x00000033
0x00000178:	add sp,r6,r0            	SP=R6+R0=0x00007FB4,SR=0x00000000
0x0000017C:	pop r7                  	{R7}=MEM[0x00007FB8]{0x00001FF4}
0x00000180:	pop r6                  	{R6}=MEM[0x00007FBC]{0x00007FD0}
0x00000184:	ret                     	PC=MEM[0x00007FC0]=0x00000260
0x00000260:	addi sp,sp,4            	SP=SP+0x00000004=0x00007FC4,SR=0x00000000
0x00000264:	l32 r1,[r7+0]           	R1=MEM[0x00007FD0]=0x00000001
0x00000268:	movs r2,10              	R2=0x0000000A
0x0000026C:	divs r4,r1,r1,r2        	R4=R1%R2=0x00000001,R1=R1/R2=0x00000000,SR=0x00000041
0x00000270:	s32 [r7+0],r1           	MEM[0x00007FD0]=R1=0x00000000
0x00000274:	bun -19                 	PC=0x0000022C
0x0000022C:	l32 r1,[r7+0]           	R1=MEM[0x00007FD0]=0x00000000
0x00000230:	cmpi r1,0               	SR=0x00000040
0x00000234:	ble 16                  	PC=0x00000278
0x00000278:	add sp,r6,r0            	SP=R6+R0=0x00007FD0,SR=0x00000000
0x0000027C:	pop r7                  	{R7}=MEM[0x00007FD4]{0x00001FFA}
0x00000280:	pop r6                  	{R6}=MEM[0x00007FD8]{0x00007FE8}
0x00000284:	ret                     	PC=MEM[0x00007FDC]=0x000002BC
0x000002BC:	addi sp,sp,4            	SP=SP+0x00000004=0x00007FE0,SR=0x00000000
0x000002C0:	movs r1,10              	R1=0x0000000A
0x000002C4:	push r1                 	MEM[0x00007FE0]{0x0000000A}={R1}
0x000002C8:	call -95                	PC=0x00000150,MEM[0x00007FDC]=0x000002CC
0x00000150:	push r6                 	MEM[0x00007FD8]{0x00007FE8}={R6}
0x00000154:	push r7                 	MEM[0x00007FD4]{0x00001FFA}={R7}
0x00000158:	add r6,sp,r0            	R6=SP+R0=0x00007FD0,SR=0x00000000
0x0000015C:	add r7,r6,r0            	R7=R6+R0=0x00007FD0,SR=0x00000000
0x00000160:	sra r0,r7,r7,1          	R0:R7=R0:R7>>2=0x0000000000001FF4,SR=0x00000000
0x00000164:	subi sp,sp,0            	SP=SP-0x00000000=0x00007FD0,SR=0x00000000
0x00000168:	mov r8,1024             	R8=0x00000400
0x0000016C:	l32 r1,[r8+0]           	R1=MEM[0x00001000]=0x22222222
0x00000170:	l32 r2,[r7+4]           	R2=MEM[0x00007FE0]=0x0000000A
0x00000174:	s32 [r1+0],r2           	MEM[0x88888888]=R2=0x0000000A
0x00000178:	add sp,r6,r0            	SP=R6+R0=0x00007FD0,SR=0x00000000
0x0000017C:	pop r7                  	{R7}=MEM[0x00007FD4]{0x00001FFA}
0x00000180:	pop r6                  	{R6}=MEM[0x00007FD8]{0x00007FE8}
0x00000184:	ret                     	PC=MEM[0x00007FDC]=0x000002CC
0x000002CC:	addi sp,sp,4            	SP=SP+0x00000004=0x00007FE0,SR=0x00000000
0x000002D0:	l32 r2,[r7-1]           	R2=MEM[0x00007FE4]=0x00000064
0x000002D4:	add sp,r6,r0            	SP=R6+R0=0x00007FE8,SR=0x00000000
0x000002D8:	pop r7                  	{R7}=MEM[0x00007FEC]{0x00001FFD}
0x000002DC:	pop r6                  	{R6}=MEM[0x00007FF0]{0x00007FF4}
0x000002E0:	ret                     	PC=MEM[0x00007FF4]=0x00000028
0x00000028:	call -9                 	PC=0x00000008,MEM[0x00007FF4]=0x0000002C
0x00000008:	int 0                   	CR=0x00000000,PC=0x00000000
[TERMINAL]
+123

[END OF SIMULATION]