[START OF SIMULATION]
0x00000000:	mov sp,32764            	SP=0x00007FFC
0x00000004:	bun 1                   	PC=0x0000000C
0x0000000C:	push r6                 	MEM[0x00007FFC]{0x00000000}={R6}
0x00000010:	push r7                 	MEM[0x00007FF8]{0x00000000}={R7}
0x00000014:	add r6,sp,r0            	R6=SP+R0=0x00007FF4,SR=0x00000000
0x00000018:	add r7,r6,r0            	R7=R6+R0=0x00007FF4,SR=0x00000000
0x0000001C:	sra r0,r7,r7,1          	R0:R7=R0:R7>>2=0x0000000000001FFD,SR=0x00000000
0x00000020:	subi sp,sp,0            	SP=SP-0x00000000=0x00007FF4,SR=0x00000000
0x00000024:	call 132                	PC=0x00000238,MEM[0x00007FF4]=0x00000028
0x00000238:	push r6                 	MEM[0x00007FF0]{0x00007FF4}={R6}
0x0000023C:	push r7                 	MEM[0x00007FEC]{0x00001FFD}={R7}
0x00000240:	add r6,sp,r0            	R6=SP+R0=0x00007FE8,SR=0x00000000
0x00000244:	add r7,r6,r0            	R7=R6+R0=0x00007FE8,SR=0x00000000
0x00000248:	sra r0,r7,r7,1          	R0:R7=R0:R7>>2=0x0000000000001FFA,SR=0x00000000
0x0000024C:	subi sp,sp,8            	SP=SP-0x00000008=0x00007FE0,SR=0x00000000
0x00000250:	movs r1,123             	R1=0x0000007B
0x00000254:	s32 [r7+0],r1           	MEM[0x00007FE8]=R1=0x0000007B
0x00000258:	movs r1,100             	R1=0x00000064
0x0000025C:	s32 [r7-1],r1           	MEM[0x00007FE4]=R1=0x00000064
0x00000260:	l32 r1,[r7+0]           	R1=MEM[0x00007FE8]=0x0000007B
0x00000264:	push r1                 	MEM[0x00007FE0]{0x0000007B}={R1}
0x00000268:	call -77                	PC=0x00000138,MEM[0x00007FDC]=0x0000026C
0x00000138:	push r6                 	MEM[0x00007FD8]{0x00007FE8}={R6}
0x0000013C:	push r7                 	MEM[0x00007FD4]{0x00001FFA}={R7}
0x00000140:	add r6,sp,r0            	R6=SP+R0=0x00007FD0,SR=0x00000000
0x00000144:	add r7,r6,r0            	R7=R6+R0=0x00007FD0,SR=0x00000000
0x00000148:	sra r0,r7,r7,1          	R0:R7=R0:R7>>2=0x0000000000001FF4,SR=0x00000000
0x0000014C:	subi sp,sp,12           	SP=SP-0x0000000C=0x00007FC4,SR=0x00000000
0x00000150:	movs r1,1               	R1=0x00000001
0x00000154:	s32 [r7+0],r1           	MEM[0x00007FD0]=R1=0x00000001
0x00000158:	movs r1,0               	R1=0x00000000
0x0000015C:	s32 [r7-1],r1           	MEM[0x00007FCC]=R1=0x00000000
0x00000160:	l32 r1,[r7+4]           	R1=MEM[0x00007FE0]=0x0000007B
0x00000164:	cmpi r1,0               	SR=0x00000000
0x00000168:	bge 6                   	PC=0x00000184
0x00000184:	l32 r1,[r7+4]           	R1=MEM[0x00007FE0]=0x0000007B
0x00000188:	l32 r2,[r7+0]           	R2=MEM[0x00007FD0]=0x00000001
0x0000018C:	divs r4,r1,r1,r2        	R4=R1%R2=0x00000000,R1=R1/R2=0x0000007B,SR=0x00000000
0x00000190:	cmpi r1,11              	SR=0x00000000
0x00000194:	ble 5                   	PC=0x00000198
0x00000198:	l32 r1,[r7+0]           	R1=MEM[0x00007FD0]=0x00000001
0x0000019C:	movs r2,10              	R2=0x0000000A
0x000001A0:	muls r8,r1,r1,r2        	R8:R1=R1*R2=0x000000000000000A,SR=0x00000000
0x000001A4:	s32 [r7+0],r1           	MEM[0x00007FD0]=R1=0x0000000A
0x000001A8:	bun -10                 	PC=0x00000184
0x00000184:	l32 r1,[r7+4]           	R1=MEM[0x00007FE0]=0x0000007B
0x00000188:	l32 r2,[r7+0]           	R2=MEM[0x00007FD0]=0x0000000A
0x0000018C:	divs r4,r1,r1,r2        	R4=R1%R2=0x00000003,R1=R1/R2=0x0000000C,SR=0x00000001
0x00000190:	cmpi r1,11              	SR=0x00000000
0x00000194:	ble 5                   	PC=0x00000198
0x00000198:	l32 r1,[r7+0]           	R1=MEM[0x00007FD0]=0x0000000A
0x0000019C:	movs r2,10              	R2=0x0000000A
0x000001A0:	muls r8,r1,r1,r2        	R8:R1=R1*R2=0x0000000000000064,SR=0x00000000
0x000001A4:	s32 [r7+0],r1           	MEM[0x00007FD0]=R1=0x00000064
0x000001A8:	bun -10                 	PC=0x00000184
0x00000184:	l32 r1,[r7+4]           	R1=MEM[0x00007FE0]=0x0000007B
0x00000188:	l32 r2,[r7+0]           	R2=MEM[0x00007FD0]=0x00000064
0x0000018C:	divs r4,r1,r1,r2        	R4=R1%R2=0x00000017,R1=R1/R2=0x00000001,SR=0x00000001
0x00000190:	cmpi r1,11              	SR=0x00000011
0x00000194:	ble 5                   	PC=0x000001AC
0x000001AC:	l32 r1,[r7-1]           	R1=MEM[0x00007FCC]=0x00000000
0x000001B0:	cmpi r1,0               	SR=0x00000040
0x000001B4:	ble 5                   	PC=0x000001CC
0x000001CC:	movs r1,43              	R1=0x0000002B
0x000001D0:	push r1                 	MEM[0x00007FC4]{0x0000002B}={R1}
0x000001D4:	call -54                	PC=0x00000100,MEM[0x00007FC0]=0x000001D8
0x00000100:	push r6                 	MEM[0x00007FBC]{0x00007FD0}={R6}
0x00000104:	push r7                 	MEM[0x00007FB8]{0x00001FF4}={R7}
0x00000108:	add r6,sp,r0            	R6=SP+R0=0x00007FB4,SR=0x00000000
0x0000010C:	add r7,r6,r0            	R7=R6+R0=0x00007FB4,SR=0x00000000
0x00000110:	sra r0,r7,r7,1          	R0:R7=R0:R7>>2=0x0000000000001FED,SR=0x00000000
0x00000114:	subi sp,sp,0            	SP=SP-0x00000000=0x00007FB4,SR=0x00000000
0x00000118:	mov r8,1024             	R8=0x00000400
0x0000011C:	l32 r1,[r8+0]           	R1=MEM[0x00001000]=0x22222222
0x00000120:	l32 r2,[r7+4]           	R2=MEM[0x00007FC4]=0x0000002B
0x00000124:	s32 [r1+0],r2           	MEM[0x88888888]=R2=0x0000002B
0x00000128:	add sp,r6,r0            	SP=R6+R0=0x00007FB4,SR=0x00000000
0x0000012C:	pop r7                  	{R7}=MEM[0x00007FB8]{0x00001FF4}
0x00000130:	pop r6                  	{R6}=MEM[0x00007FBC]{0x00007FD0}
0x00000134:	ret                     	PC=MEM[0x00007FC0]=0x000001D8
0x000001D8:	addi sp,sp,4            	SP=SP+0x00000004=0x00007FC4,SR=0x00000000
0x000001DC:	l32 r1,[r7+0]           	R1=MEM[0x00007FD0]=0x00000064
0x000001E0:	cmpi r1,0               	SR=0x00000000
0x000001E4:	ble 16                  	PC=0x000001E8
0x000001E8:	l32 r1,[r7+4]           	R1=MEM[0x00007FE0]=0x0000007B
0x000001EC:	l32 r2,[r7+0]           	R2=MEM[0x00007FD0]=0x00000064
0x000001F0:	divs r4,r1,r1,r2        	R4=R1%R2=0x00000017,R1=R1/R2=0x00000001,SR=0x00000001
0x000001F4:	movs r2,10              	R2=0x0000000A
0x000001F8:	divs r4,r1,r1,r2        	R4=R1%R2=0x00000001,R1=R1/R2=0x00000000,SR=0x00000041
0x000001FC:	s32 [r7-2],r4           	MEM[0x00007FC8]=R4=0x00000001
0x00000200:	l32 r1,[r7-2]           	R1=MEM[0x00007FC8]=0x00000001
0x00000204:	addi r1,r1,48           	R1=R1+0x00000030=0x00000031,SR=0x00000000
0x00000208:	push r1                 	MEM[0x00007FC4]{0x00000031}={R1}
0x0000020C:	call -68                	PC=0x00000100,MEM[0x00007FC0]=0x00000210
0x00000100:	push r6                 	MEM[0x00007FBC]{0x00007FD0}={R6}
0x00000104:	push r7                 	MEM[0x00007FB8]{0x00001FF4}={R7}
0x00000108:	add r6,sp,r0            	R6=SP+R0=0x00007FB4,SR=0x00000000
0x0000010C:	add r7,r6,r0            	R7=R6+R0=0x00007FB4,SR=0x00000000
0x00000110:	sra r0,r7,r7,1          	R0:R7=R0:R7>>2=0x0000000000001FED,SR=0x00000000
0x00000114:	subi sp,sp,0            	SP=SP-0x00000000=0x00007FB4,SR=0x00000000
0x00000118:	mov r8,1024             	R8=0x00000400
0x0000011C:	l32 r1,[r8+0]           	R1=MEM[0x00001000]=0x22222222
0x00000120:	l32 r2,[r7+4]           	R2=MEM[0x00007FC4]=0x00000031
0x00000124:	s32 [r1+0],r2           	MEM[0x88888888]=R2=0x00000031
0x00000128:	add sp,r6,r0            	SP=R6+R0=0x00007FB4,SR=0x00000000
0x0000012C:	pop r7                  	{R7}=MEM[0x00007FB8]{0x00001FF4}
0x00000130:	pop r6                  	{R6}=MEM[0x00007FBC]{0x00007FD0}
0x00000134:	ret                     	PC=MEM[0x00007FC0]=0x00000210
0x00000210:	addi sp,sp,4            	SP=SP+0x00000004=0x00007FC4,SR=0x00000000
0x00000214:	l32 r1,[r7+0]           	R1=MEM[0x00007FD0]=0x00000064
0x00000218:	movs r2,10              	R2=0x0000000A
0x0000021C:	divs r4,r1,r1,r2        	R4=R1%R2=0x00000000,R1=R1/R2=0x0000000A,SR=0x00000000
0x00000220:	s32 [r7+0],r1           	MEM[0x00007FD0]=R1=0x0000000A
0x00000224:	bun -19                 	PC=0x000001DC
0x000001DC:	l32 r1,[r7+0]           	R1=MEM[0x00007FD0]=0x0000000A
0x000001E0:	cmpi r1,0               	SR=0x00000000
0x000001E4:	ble 16                  	PC=0x000001E8
0x000001E8:	l32 r1,[r7+4]           	R1=MEM[0x00007FE0]=0x0000007B
0x000001EC:	l32 r2,[r7+0]           	R2=MEM[0x00007FD0]=0x0000000A
0x000001F0:	divs r4,r1,r1,r2        	R4=R1%R2=0x00000003,R1=R1/R2=0x0000000C,SR=0x00000001
0x000001F4:	movs r2,10              	R2=0x0000000A
0x000001F8:	divs r4,r1,r1,r2        	R4=R1%R2=0x00000002,R1=R1/R2=0x00000001,SR=0x00000001
0x000001FC:	s32 [r7-2],r4           	MEM[0x00007FC8]=R4=0x00000002
0x00000200:	l32 r1,[r7-2]           	R1=MEM[0x00007FC8]=0x00000002
0x00000204:	addi r1,r1,48           	R1=R1+0x00000030=0x00000032,SR=0x00000000
0x00000208:	push r1                 	MEM[0x00007FC4]{0x00000032}={R1}
0x0000020C:	call -68                	PC=0x00000100,MEM[0x00007FC0]=0x00000210
0x00000100:	push r6                 	MEM[0x00007FBC]{0x00007FD0}={R6}
0x00000104:	push r7                 	MEM[0x00007FB8]{0x00001FF4}={R7}
0x00000108:	add r6,sp,r0            	R6=SP+R0=0x00007FB4,SR=0x00000000
0x0000010C:	add r7,r6,r0            	R7=R6+R0=0x00007FB4,SR=0x00000000
0x00000110:	sra r0,r7,r7,1          	R0:R7=R0:R7>>2=0x0000000000001FED,SR=0x00000000
0x00000114:	subi sp,sp,0            	SP=SP-0x00000000=0x00007FB4,SR=0x00000000
0x00000118:	mov r8,1024             	R8=0x00000400
0x0000011C:	l32 r1,[r8+0]           	R1=MEM[0x00001000]=0x22222222
0x00000120:	l32 r2,[r7+4]           	R2=MEM[0x00007FC4]=0x00000032
0x00000124:	s32 [r1+0],r2           	MEM[0x88888888]=R2=0x00000032
0x00000128:	add sp,r6,r0            	SP=R6+R0=0x00007FB4,SR=0x00000000
0x0000012C:	pop r7                  	{R7}=MEM[0x00007FB8]{0x00001FF4}
0x00000130:	pop r6                  	{R6}=MEM[0x00007FBC]{0x00007FD0}
0x00000134:	ret                     	PC=MEM[0x00007FC0]=0x00000210
0x00000210:	addi sp,sp,4            	SP=SP+0x00000004=0x00007FC4,SR=0x00000000
0x00000214:	l32 r1,[r7+0]           	R1=MEM[0x00007FD0]=0x0000000A
0x00000218:	movs r2,10              	R2=0x0000000A
0x0000021C:	divs r4,r1,r1,r2        	R4=R1%R2=0x00000000,R1=R1/R2=0x00000001,SR=0x00000000
0x00000220:	s32 [r7+0],r1           	MEM[0x00007FD0]=R1=0x00000001
0x00000224:	bun -19                 	PC=0x000001DC
0x000001DC:	l32 r1,[r7+0]           	R1=MEM[0x00007FD0]=0x00000001
0x000001E0:	cmpi r1,0               	SR=0x00000000
0x000001E4:	ble 16                  	PC=0x000001E8
0x000001E8:	l32 r1,[r7+4]           	R1=MEM[0x00007FE0]=0x0000007B
0x000001EC:	l32 r2,[r7+0]           	R2=MEM[0x00007FD0]=0x00000001
0x000001F0:	divs r4,r1,r1,r2        	R4=R1%R2=0x00000000,R1=R1/R2=0x0000007B,SR=0x00000000
0x000001F4:	movs r2,10              	R2=0x0000000A
0x000001F8:	divs r4,r1,r1,r2        	R4=R1%R2=0x00000003,R1=R1/R2=0x0000000C,SR=0x00000001
0x000001FC:	s32 [r7-2],r4           	MEM[0x00007FC8]=R4=0x00000003
0x00000200:	l32 r1,[r7-2]           	R1=MEM[0x00007FC8]=0x00000003
0x00000204:	addi r1,r1,48           	R1=R1+0x00000030=0x00000033,SR=0x00000000
0x00000208:	push r1                 	MEM[0x00007FC4]{0x00000033}={R1}
0x0000020C:	call -68                	PC=0x00000100,MEM[0x00007FC0]=0x00000210
0x00000100:	push r6                 	MEM[0x00007FBC]{0x00007FD0}={R6}
0x00000104:	push r7                 	MEM[0x00007FB8]{0x00001FF4}={R7}
0x00000108:	add r6,sp,r0            	R6=SP+R0=0x00007FB4,SR=0x00000000
0x0000010C:	add r7,r6,r0            	R7=R6+R0=0x00007FB4,SR=0x00000000
0x00000110:	sra r0,r7,r7,1          	R0:R7=R0:R7>>2=0x0000000000001FED,SR=0x00000000
0x00000114:	subi sp,sp,0            	SP=SP-0x00000000=0x00007FB4,SR=0x00000000
0x00000118:	mov r8,1024             	R8=0x00000400
0x0000011C:	l32 r1,[r8+0]           	R1=MEM[0x00001000]=0x22222222
0x00000120:	l32 r2,[r7+4]           	R2=MEM[0x00007FC4]=0x00000033
0x00000124:	s32 [r1+0],r2           	MEM[0x88888888]=R2=0x00000033
0x00000128:	add sp,r6,r0            	SP=R6+R0=0x00007FB4,SR=0x00000000
0x0000012C:	pop r7                  	{R7}=MEM[0x00007FB8]{0x00001FF4}
0x00000130:	pop r6                  	{R6}=MEM[0x00007FBC]{0x00007FD0}
0x00000134:	ret                     	PC=MEM[0x00007FC0]=0x00000210
0x00000210:	addi sp,sp,4            	SP=SP+0x00000004=0x00007FC4,SR=0x00000000
0x00000214:	l32 r1,[r7+0]           	R1=MEM[0x00007FD0]=0x00000001
0x00000218:	movs r2,10              	R2=0x0000000A
0x0000021C:	divs r4,r1,r1,r2        	R4=R1%R2=0x00000001,R1=R1/R2=0x00000000,SR=0x00000041
0x00000220:	s32 [r7+0],r1           	MEM[0x00007FD0]=R1=0x00000000
0x00000224:	bun -19                 	PC=0x000001DC
0x000001DC:	l32 r1,[r7+0]           	R1=MEM[0x00007FD0]=0x00000000
0x000001E0:	cmpi r1,0               	SR=0x00000040
0x000001E4:	ble 16                  	PC=0x00000228
0x00000228:	add sp,r6,r0            	SP=R6+R0=0x00007FD0,SR=0x00000000
0x0000022C:	pop r7                  	{R7}=MEM[0x00007FD4]{0x00001FFA}
0x00000230:	pop r6                  	{R6}=MEM[0x00007FD8]{0x00007FE8}
0x00000234:	ret                     	PC=MEM[0x00007FDC]=0x0000026C
0x0000026C:	addi sp,sp,4            	SP=SP+0x00000004=0x00007FE0,SR=0x00000000
0x00000270:	movs r1,10              	R1=0x0000000A
0x00000274:	push r1                 	MEM[0x00007FE0]{0x0000000A}={R1}
0x00000278:	call -95                	PC=0x00000100,MEM[0x00007FDC]=0x0000027C
0x00000100:	push r6                 	MEM[0x00007FD8]{0x00007FE8}={R6}
0x00000104:	push r7                 	MEM[0x00007FD4]{0x00001FFA}={R7}
0x00000108:	add r6,sp,r0            	R6=SP+R0=0x00007FD0,SR=0x00000000
0x0000010C:	add r7,r6,r0            	R7=R6+R0=0x00007FD0,SR=0x00000000
0x00000110:	sra r0,r7,r7,1          	R0:R7=R0:R7>>2=0x0000000000001FF4,SR=0x00000000
0x00000114:	subi sp,sp,0            	SP=SP-0x00000000=0x00007FD0,SR=0x00000000
0x00000118:	mov r8,1024             	R8=0x00000400
0x0000011C:	l32 r1,[r8+0]           	R1=MEM[0x00001000]=0x22222222
0x00000120:	l32 r2,[r7+4]           	R2=MEM[0x00007FE0]=0x0000000A
0x00000124:	s32 [r1+0],r2           	MEM[0x88888888]=R2=0x0000000A
0x00000128:	add sp,r6,r0            	SP=R6+R0=0x00007FD0,SR=0x00000000
0x0000012C:	pop r7                  	{R7}=MEM[0x00007FD4]{0x00001FFA}
0x00000130:	pop r6                  	{R6}=MEM[0x00007FD8]{0x00007FE8}
0x00000134:	ret                     	PC=MEM[0x00007FDC]=0x0000027C
0x0000027C:	addi sp,sp,4            	SP=SP+0x00000004=0x00007FE0,SR=0x00000000
0x00000280:	l32 r2,[r7-1]           	R2=MEM[0x00007FE4]=0x00000064
0x00000284:	add sp,r6,r0            	SP=R6+R0=0x00007FE8,SR=0x00000000
0x00000288:	pop r7                  	{R7}=MEM[0x00007FEC]{0x00001FFD}
0x0000028C:	pop r6                  	{R6}=MEM[0x00007FF0]{0x00007FF4}
0x00000290:	ret                     	PC=MEM[0x00007FF4]=0x00000028
0x00000028:	call -9                 	PC=0x00000008,MEM[0x00007FF4]=0x0000002C
0x00000008:	int 0                   	CR=0x00000000,PC=0x00000000
[TERMINAL]
+123

[END OF SIMULATION]